<?xml version="1.0" encoding="utf-8"?>
<shfbBuild product="Sandcastle Help File Builder and Tools" version="2016.5.28.0" projectFile="E:\Senparc项目\WeiXinMPSDK\src\Senparc.Weixin.MP.BuildOutPut\chm\Senparc.Weixin SDK Full\Senparc.Weixin SDK Full.shfbproj" started="2016/8/14 13:50:36">
<buildStep step="Initializing">
Finding tools...
The Sandcastle tools are located in &#39;D:\Program Files (x86)\EWSoftware\Sandcastle Help File Builder\&#39;
Searching for HTML Help 1 compiler...
Found HTML Help 1 compiler in &#39;C:\Program Files (x86)\HTML Help Workshop\&#39;
Locating components in the following folder(s):
    E:\Senparc项目\WeiXinMPSDK\src\Senparc.Weixin.MP.BuildOutPut\chm\Senparc.Weixin SDK Full
    C:\ProgramData\EWSoftware\Sandcastle Help File Builder\Components and Plug-Ins\
    D:\Program Files (x86)\EWSoftware\Sandcastle Help File Builder\
Using framework reflection data for &#39;.NET Framework 4.5&#39; located in &#39;D:\Program Files (x86)\EWSoftware\Sandcastle Help File Builder\Data\.NETFramework&#39;
Using presentation style &#39;VS2013&#39; located in &#39;D:\Program Files (x86)\EWSoftware\Sandcastle Help File Builder\PresentationStyles\VS2013&#39;
Loading and initializing plug-ins...
Lightweight Website Style Version 2016.5.28.0
Copyright &#169; 2006-2016, Eric Woodruff, All Rights Reserved
Portions Copyright &#169; 2014, Sam Harwell, All Rights Reserved
-------------------------------
Clearing any prior web/markdown output...
</buildStep>
<buildStep step="ValidatingDocumentationSources">
Validating and copying documentation source information
Source: E:\Senparc项目\WeiXinMPSDK\src\Senparc.Weixin.MP.BuildOutPut\.net4.5\Senparc.Weixin.dll
    Found assembly &#39;E:\Senparc项目\WeiXinMPSDK\src\Senparc.Weixin.MP.BuildOutPut\.net4.5\Senparc.Weixin.dll&#39;
Source: E:\Senparc项目\WeiXinMPSDK\src\Senparc.Weixin.MP.BuildOutPut\.net4.5\Senparc.Weixin.MP.dll
    Found assembly &#39;E:\Senparc项目\WeiXinMPSDK\src\Senparc.Weixin.MP.BuildOutPut\.net4.5\Senparc.Weixin.MP.dll&#39;
Source: E:\Senparc项目\WeiXinMPSDK\src\Senparc.Weixin.MP.BuildOutPut\.net4.5\Senparc.Weixin.MP.MvcExtension.dll
    Found assembly &#39;E:\Senparc项目\WeiXinMPSDK\src\Senparc.Weixin.MP.BuildOutPut\.net4.5\Senparc.Weixin.MP.MvcExtension.dll&#39;
Source: E:\Senparc项目\WeiXinMPSDK\src\Senparc.Weixin.MP.BuildOutPut\.net4.5\Senparc.Weixin.Open.dll
    Found assembly &#39;E:\Senparc项目\WeiXinMPSDK\src\Senparc.Weixin.MP.BuildOutPut\.net4.5\Senparc.Weixin.Open.dll&#39;
Source: E:\Senparc项目\WeiXinMPSDK\src\Senparc.Weixin.MP.BuildOutPut\.net4.5\Senparc.Weixin.QY.dll
    Found assembly &#39;E:\Senparc项目\WeiXinMPSDK\src\Senparc.Weixin.MP.BuildOutPut\.net4.5\Senparc.Weixin.QY.dll&#39;
Source: E:\Senparc项目\WeiXinMPSDK\src\Senparc.Weixin.MP.BuildOutPut\.net4.5\Senparc.Weixin.xml
Source: E:\Senparc项目\WeiXinMPSDK\src\Senparc.Weixin.MP.BuildOutPut\.net4.5\Senparc.Weixin.MP.xml
Source: E:\Senparc项目\WeiXinMPSDK\src\Senparc.Weixin.MP.BuildOutPut\.net4.5\Senparc.Weixin.MP.MvcExtension.xml
Source: E:\Senparc项目\WeiXinMPSDK\src\Senparc.Weixin.MP.BuildOutPut\.net4.5\Senparc.Weixin.Open.xml
Source: E:\Senparc项目\WeiXinMPSDK\src\Senparc.Weixin.MP.BuildOutPut\.net4.5\Senparc.Weixin.QY.xml
Source: E:\Senparc项目\WeiXinMPSDK\src\Senparc.Weixin.MP.BuildOutPut\.net4.5\Senparc.Weixin.Cache.Memcached.dll
    Found assembly &#39;E:\Senparc项目\WeiXinMPSDK\src\Senparc.Weixin.MP.BuildOutPut\.net4.5\Senparc.Weixin.Cache.Memcached.dll&#39;
Source: E:\Senparc项目\WeiXinMPSDK\src\Senparc.Weixin.MP.BuildOutPut\.net4.5\Senparc.Weixin.Cache.Memcached.xml
Source: E:\Senparc项目\WeiXinMPSDK\src\Senparc.Weixin.MP.BuildOutPut\.net4.5\Senparc.Weixin.Cache.Redis.dll
    Found assembly &#39;E:\Senparc项目\WeiXinMPSDK\src\Senparc.Weixin.MP.BuildOutPut\.net4.5\Senparc.Weixin.Cache.Redis.dll&#39;
Source: E:\Senparc项目\WeiXinMPSDK\src\Senparc.Weixin.MP.BuildOutPut\.net4.5\Senparc.Weixin.Cache.Redis.xml
Source: E:\Senparc项目\Senparc.Weixin.Cache.Redis.RedLock\redlock-cs\src\bin\Release\Redlock.CSharp.dll
    Found assembly &#39;E:\Senparc项目\Senparc.Weixin.Cache.Redis.RedLock\redlock-cs\src\bin\Release\Redlock.CSharp.dll&#39;
Source: E:\Senparc项目\Senparc.Weixin.Cache.Redis.RedLock\redlock-cs\src\bin\Release\Redlock.CSharp.xml

References to include (excluding framework assemblies):
    Microsoft.Web.Infrastructure
    System.Web.Mvc
    System.Web.Razor
    System.Web.WebPages
    System.Web.WebPages.Deployment
    System.Web.WebPages.Razor

Copying XML comments files
    E:\Senparc项目\WeiXinMPSDK\src\Senparc.Weixin.MP.BuildOutPut\.net4.5\Senparc.Weixin.XML -&gt; E:\Senparc项目\WeiXinMPSDK\src\Senparc.Weixin.MP.BuildOutPut\chm\Senparc.Weixin SDK Full\Help\Working\Senparc.Weixin.XML
    E:\Senparc项目\WeiXinMPSDK\src\Senparc.Weixin.MP.BuildOutPut\.net4.5\Senparc.Weixin.MP.XML -&gt; E:\Senparc项目\WeiXinMPSDK\src\Senparc.Weixin.MP.BuildOutPut\chm\Senparc.Weixin SDK Full\Help\Working\Senparc.Weixin.MP.XML
    E:\Senparc项目\WeiXinMPSDK\src\Senparc.Weixin.MP.BuildOutPut\.net4.5\Senparc.Weixin.MP.MvcExtension.XML -&gt; E:\Senparc项目\WeiXinMPSDK\src\Senparc.Weixin.MP.BuildOutPut\chm\Senparc.Weixin SDK Full\Help\Working\Senparc.Weixin.MP.MvcExtension.XML
    E:\Senparc项目\WeiXinMPSDK\src\Senparc.Weixin.MP.BuildOutPut\.net4.5\Senparc.Weixin.Open.XML -&gt; E:\Senparc项目\WeiXinMPSDK\src\Senparc.Weixin.MP.BuildOutPut\chm\Senparc.Weixin SDK Full\Help\Working\Senparc.Weixin.Open.XML
    E:\Senparc项目\WeiXinMPSDK\src\Senparc.Weixin.MP.BuildOutPut\.net4.5\Senparc.Weixin.QY.XML -&gt; E:\Senparc项目\WeiXinMPSDK\src\Senparc.Weixin.MP.BuildOutPut\chm\Senparc.Weixin SDK Full\Help\Working\Senparc.Weixin.QY.XML
    E:\Senparc项目\WeiXinMPSDK\src\Senparc.Weixin.MP.BuildOutPut\.net4.5\Senparc.Weixin.Cache.Memcached.XML -&gt; E:\Senparc项目\WeiXinMPSDK\src\Senparc.Weixin.MP.BuildOutPut\chm\Senparc.Weixin SDK Full\Help\Working\Senparc.Weixin.Cache.Memcached.XML
    E:\Senparc项目\WeiXinMPSDK\src\Senparc.Weixin.MP.BuildOutPut\.net4.5\Senparc.Weixin.Cache.Redis.XML -&gt; E:\Senparc项目\WeiXinMPSDK\src\Senparc.Weixin.MP.BuildOutPut\chm\Senparc.Weixin SDK Full\Help\Working\Senparc.Weixin.Cache.Redis.XML
    E:\Senparc项目\Senparc.Weixin.Cache.Redis.RedLock\redlock-cs\src\bin\Release\Redlock.CSharp.XML -&gt; E:\Senparc项目\WeiXinMPSDK\src\Senparc.Weixin.MP.BuildOutPut\chm\Senparc.Weixin SDK Full\Help\Working\Redlock.CSharp.XML
</buildStep>
<buildStep step="GenerateSharedContent">
Generating shared content files (zh-CN, 中文(简体，中国))...
SHFB: Warning BE0003: Sandcastle shared content for the &#39;zh-CN, 中文(简体，中国)&#39; language could not be found.  Using &#39;en-US, English (US)&#39; defaults.
<plugIn name="Lightweight Website Style" behavior="After" priority="1000">
</plugIn>    Last step completed in 00:00:02.2344
</buildStep>
<buildStep step="GenerateApiFilter">
Generating API filter for MRefBuilder...
    Last step completed in 00:00:01.8176
</buildStep>
<buildStep step="GenerateReflectionInfo">
Generating reflection information...
[C:\Windows\Microsoft.NET\Framework64\v4.0.30319\MSBuild.exe - GenerateRefInfo.proj]
生成启动时间为 2016/8/14 13:51:00。
节点 1 上的项目“E:\Senparc项目\WeiXinMPSDK\src\Senparc.Weixin.MP.BuildOutPut\chm\Senparc.Weixin SDK Full\Help\Working\GenerateRefInfo.proj”(默认目标)。
PrepareForBuild:
  正在创建目录“obj\Debug\”。
GenerateRefInfo:
  MRefBuilder (v2016.5.28.0)
  Copyright ? 2006-2016, Microsoft Corporation, All Rights Reserved.
  Portions Copyright ? 2006-2016, Eric Woodruff, All Rights Reserved.
  Loaded 8 assemblies for reflection and 2 dependency assemblies.
  Wrote information on 93 namespaces, 1169 types, and 5584 members
  正在将文件从“reflection.org”复制到“reflection.all”。
  XslTransform (v2016.5.28.0)
  Copyright ? 2006-2016, Microsoft Corporation, All Rights Reserved.
  Portions Copyright ? 2006-2016, Eric Woodruff, All Rights Reserved.
  Applying XSL transformation &#39;D:\Program Files (x86)\EWSoftware\Sandcastle Help File Builder\ProductionTransforms\MergeDuplicates.xsl&#39;.
已完成生成项目“E:\Senparc项目\WeiXinMPSDK\src\Senparc.Weixin.MP.BuildOutPut\chm\Senparc.Weixin SDK Full\Help\Working\GenerateRefInfo.proj”(默认目标)的操作。

已成功生成。

已用时间 00:00:02.80
    Last step completed in 00:00:07.1341
</buildStep>
<buildStep step="TransformReflectionInfo">
Transforming reflection output...
[C:\Windows\Microsoft.NET\Framework64\v4.0.30319\MSBuild.exe - TransformManifest.proj]
生成启动时间为 2016/8/14 13:51:03。
节点 1 上的项目“E:\Senparc项目\WeiXinMPSDK\src\Senparc.Weixin.MP.BuildOutPut\chm\Senparc.Weixin SDK Full\Help\Working\TransformManifest.proj”(默认目标)。
TransformManifest:
  XslTransform (v2016.5.28.0)
  Copyright ? 2006-2016, Microsoft Corporation, All Rights Reserved.
  Portions Copyright ? 2006-2016, Eric Woodruff, All Rights Reserved.
  Applying XSL transformation &#39;D:\Program Files (x86)\EWSoftware\Sandcastle Help File Builder\\ProductionTransforms\ApplyVSDocModel.xsl&#39;.
  正在将文件从“reflection.xml”复制到“reflection.nofilenames”。
  XslTransform (v2016.5.28.0)
  Copyright ? 2006-2016, Microsoft Corporation, All Rights Reserved.
  Portions Copyright ? 2006-2016, Eric Woodruff, All Rights Reserved.
  Applying XSL transformation &#39;D:\Program Files (x86)\EWSoftware\Sandcastle Help File Builder\ProductionTransforms\AddFilenames.xsl&#39;.
    Unique name M_Redlock_CSharp_Redlock__ctor_1 generated for M:Redlock.CSharp.Redlock.#ctor(System.Int32,System.TimeSpan,StackExchange.Redis.ConnectionMultiplexer[])
    Unique name M_Redlock_CSharp_Redlock_for_each_redis_registered_1 generated for M:Redlock.CSharp.Redlock.for_each_redis_registered(System.Action{System.String})
    Unique name M_Senparc_Weixin_Annotations_AspMvcActionAttribute__ctor_1 generated for M:Senparc.Weixin.Annotations.AspMvcActionAttribute.#ctor(System.String)
    Unique name M_Senparc_Weixin_Annotations_AspMvcAreaAttribute__ctor_1 generated for M:Senparc.Weixin.Annotations.AspMvcAreaAttribute.#ctor(System.String)
    Unique name M_Senparc_Weixin_Annotations_AspMvcControllerAttribute__ctor_1 generated for M:Senparc.Weixin.Annotations.AspMvcControllerAttribute.#ctor(System.String)
    Unique name M_Senparc_Weixin_Annotations_ContractAnnotationAttribute__ctor_1 generated for M:Senparc.Weixin.Annotations.ContractAnnotationAttribute.#ctor(System.String,System.Boolean)
    Unique name M_Senparc_Weixin_Annotations_HtmlElementAttributesAttribute__ctor_1 generated for M:Senparc.Weixin.Annotations.HtmlElementAttributesAttribute.#ctor(System.String)
    Unique name M_Senparc_Weixin_Annotations_LocalizationRequiredAttribute__ctor_1 generated for M:Senparc.Weixin.Annotations.LocalizationRequiredAttribute.#ctor(System.Boolean)
    Unique name M_Senparc_Weixin_Annotations_MeansImplicitUseAttribute__ctor_1 generated for M:Senparc.Weixin.Annotations.MeansImplicitUseAttribute.#ctor(Senparc.Weixin.Annotations.ImplicitUseKindFlags)
    Unique name M_Senparc_Weixin_Annotations_MeansImplicitUseAttribute__ctor_2 generated for M:Senparc.Weixin.Annotations.MeansImplicitUseAttribute.#ctor(Senparc.Weixin.Annotations.ImplicitUseKindFlags,Senparc.Weixin.Annotations.ImplicitUseTargetFlags)
    Unique name M_Senparc_Weixin_Annotations_MeansImplicitUseAttribute__ctor_3 generated for M:Senparc.Weixin.Annotations.MeansImplicitUseAttribute.#ctor(Senparc.Weixin.Annotations.ImplicitUseTargetFlags)
    Unique name M_Senparc_Weixin_Annotations_NotifyPropertyChangedInvocatorAttribute__ctor_1 generated for M:Senparc.Weixin.Annotations.NotifyPropertyChangedInvocatorAttribute.#ctor(System.String)
    Unique name M_Senparc_Weixin_Annotations_PathReferenceAttribute__ctor_1 generated for M:Senparc.Weixin.Annotations.PathReferenceAttribute.#ctor(System.String)
    Unique name M_Senparc_Weixin_Annotations_PublicAPIAttribute__ctor_1 generated for M:Senparc.Weixin.Annotations.PublicAPIAttribute.#ctor(System.String)
    Unique name M_Senparc_Weixin_Annotations_UsedImplicitlyAttribute__ctor_1 generated for M:Senparc.Weixin.Annotations.UsedImplicitlyAttribute.#ctor(Senparc.Weixin.Annotations.ImplicitUseKindFlags)
    Unique name M_Senparc_Weixin_Annotations_UsedImplicitlyAttribute__ctor_2 generated for M:Senparc.Weixin.Annotations.UsedImplicitlyAttribute.#ctor(Senparc.Weixin.Annotations.ImplicitUseKindFlags,Senparc.Weixin.Annotations.ImplicitUseTargetFlags)
    Unique name M_Senparc_Weixin_Annotations_UsedImplicitlyAttribute__ctor_3 generated for M:Senparc.Weixin.Annotations.UsedImplicitlyAttribute.#ctor(Senparc.Weixin.Annotations.ImplicitUseTargetFlags)
    Unique name M_Senparc_Weixin_Cache_BaseCacheLock_Lock_1 generated for M:Senparc.Weixin.Cache.BaseCacheLock.Lock(System.String,System.Int32,System.TimeSpan)
    Unique name M_Senparc_Weixin_Cache_ICacheLock_Lock_1 generated for M:Senparc.Weixin.Cache.ICacheLock.Lock(System.String,System.Int32,System.TimeSpan)
    Unique name M_Senparc_Weixin_Cache_LocalCacheLock_Lock_1 generated for M:Senparc.Weixin.Cache.LocalCacheLock.Lock(System.String,System.Int32,System.TimeSpan)
    Unique name M_Senparc_Weixin_Cache_Memcached_MemcachedCacheLock_Lock_1 generated for M:Senparc.Weixin.Cache.Memcached.MemcachedCacheLock.Lock(System.String,System.Int32,System.TimeSpan)
    Unique name M_Senparc_Weixin_Cache_Redis_RedisCacheLock_Lock_1 generated for M:Senparc.Weixin.Cache.Redis.RedisCacheLock.Lock(System.String,System.Int32,System.TimeSpan)
    Unique name M_Senparc_Weixin_Containers_BaseContainer_1_Update_1 generated for M:Senparc.Weixin.Containers.BaseContainer`1.Update(System.String,`0)
    Unique name M_Senparc_Weixin_Context_MessageContainer_1__ctor_1 generated for M:Senparc.Weixin.Context.MessageContainer`1.#ctor(System.Int32)
    Unique name M_Senparc_Weixin_Context_WeixinContext_3_GetMessageContext_1 generated for M:Senparc.Weixin.Context.WeixinContext`3.GetMessageContext(`2)
    Unique name M_Senparc_Weixin_Context_WeixinContext_3_InsertMessage_1 generated for M:Senparc.Weixin.Context.WeixinContext`3.InsertMessage(`2)
    Unique name M_Senparc_Weixin_EntityUtility_EntityUtility_FillSystemType__1_1 generated for M:Senparc.Weixin.EntityUtility.EntityUtility.FillSystemType``1(``0,System.Reflection.PropertyInfo,System.IConvertible,System.Type)
    Unique name M_Senparc_Weixin_Exceptions_MessageHandlerException__ctor_1 generated for M:Senparc.Weixin.Exceptions.MessageHandlerException.#ctor(System.String,System.Exception)
    Unique name M_Senparc_Weixin_Exceptions_UnknownRequestMsgTypeException__ctor_1 generated for M:Senparc.Weixin.Exceptions.UnknownRequestMsgTypeException.#ctor(System.String,System.Exception)
    Unique name M_Senparc_Weixin_Exceptions_WeixinException__ctor_1 generated for M:Senparc.Weixin.Exceptions.WeixinException.#ctor(System.String,System.Exception)
    Unique name M_Senparc_Weixin_Exceptions_WeixinMenuException__ctor_1 generated for M:Senparc.Weixin.Exceptions.WeixinMenuException.#ctor(System.String,System.Exception)
    Unique name M_Senparc_Weixin_Helpers_ContainerHelper_GetItemCacheKey_1 generated for M:Senparc.Weixin.Helpers.ContainerHelper.GetItemCacheKey(Senparc.Weixin.Containers.IBaseContainerBag,System.String)
    Unique name M_Senparc_Weixin_Helpers_ContainerHelper_GetItemCacheKey_2 generated for M:Senparc.Weixin.Helpers.ContainerHelper.GetItemCacheKey(System.Type,System.String)
    Unique name M_Senparc_Weixin_Helpers_DateTimeHelper_GetDateTimeFromXml_1 generated for M:Senparc.Weixin.Helpers.DateTimeHelper.GetDateTimeFromXml(System.String)
    Unique name M_Senparc_Weixin_HttpUtility_Post_PostFileGetJsonAsync__1_1 generated for M:Senparc.Weixin.HttpUtility.Post.PostFileGetJsonAsync``1(System.String,System.Net.CookieContainer,System.Collections.Generic.Dictionary{System.String,System.String},System.Text.Encoding,System.Int32)
    Unique name M_Senparc_Weixin_HttpUtility_Post_PostGetJson__1_1 generated for M:Senparc.Weixin.HttpUtility.Post.PostGetJson``1(System.String,System.Net.CookieContainer,System.IO.Stream,System.Text.Encoding,System.Int32,System.Boolean)
    Unique name M_Senparc_Weixin_HttpUtility_Post_PostGetJsonAsync__1_1 generated for M:Senparc.Weixin.HttpUtility.Post.PostGetJsonAsync``1(System.String,System.Net.CookieContainer,System.IO.Stream,System.Text.Encoding,System.Int32,System.Boolean)
    Unique name M_Senparc_Weixin_HttpUtility_RequestUtility_HttpGet_1 generated for M:Senparc.Weixin.HttpUtility.RequestUtility.HttpGet(System.String,System.Text.Encoding)
    Unique name M_Senparc_Weixin_HttpUtility_RequestUtility_HttpGetAsync_1 generated for M:Senparc.Weixin.HttpUtility.RequestUtility.HttpGetAsync(System.String,System.Text.Encoding)
    Unique name M_Senparc_Weixin_HttpUtility_RequestUtility_HttpPost_1 generated for M:Senparc.Weixin.HttpUtility.RequestUtility.HttpPost(System.String,System.Net.CookieContainer,System.IO.Stream,System.Collections.Generic.Dictionary{System.String,System.String},System.String,System.Text.Encoding,System.Int32,System.Boolean)
    Unique name M_Senparc_Weixin_HttpUtility_RequestUtility_HttpPostAsync_1 generated for M:Senparc.Weixin.HttpUtility.RequestUtility.HttpPostAsync(System.String,System.Net.CookieContainer,System.IO.Stream,System.Collections.Generic.Dictionary{System.String,System.String},System.String,System.Text.Encoding,System.Int32,System.Boolean)
    Unique name M_Senparc_Weixin_MessageHandlers_MessageHandler_3__ctor_1 generated for M:Senparc.Weixin.MessageHandlers.MessageHandler`3.#ctor(System.IO.Stream,System.Int32,System.Object)
    Unique name M_Senparc_Weixin_MessageHandlers_MessageHandler_3__ctor_2 generated for M:Senparc.Weixin.MessageHandlers.MessageHandler`3.#ctor(System.Xml.Linq.XDocument,System.Int32,System.Object)
    Unique name M_Senparc_Weixin_MP_CheckSignature_Check_1 generated for M:Senparc.Weixin.MP.CheckSignature.Check(System.String,System.String,System.String,System.String)
    Unique name M_Senparc_Weixin_MP_CheckSignature_GetSignature_1 generated for M:Senparc.Weixin.MP.CheckSignature.GetSignature(System.String,System.String,System.String)
    Unique name M_Senparc_Weixin_MP_RequestMessageFactory_GetRequestEntity_1 generated for M:Senparc.Weixin.MP.RequestMessageFactory.GetRequestEntity(System.String)
    Unique name M_Senparc_Weixin_MP_RequestMessageFactory_GetRequestEntity_2 generated for M:Senparc.Weixin.MP.RequestMessageFactory.GetRequestEntity(System.Xml.Linq.XDocument,Senparc.Weixin.MP.Entities.Request.PostModel)
    Unique name M_Senparc_Weixin_MP_ResponseMessageFactory_GetResponseEntity_1 generated for M:Senparc.Weixin.MP.ResponseMessageFactory.GetResponseEntity(System.Xml.Linq.XDocument)
    Unique name M_Senparc_Weixin_MP_AdvancedAPIs_ShakeAroundApi_DeviceBindLocatoin_1 generated for M:Senparc.Weixin.MP.AdvancedAPIs.ShakeAroundApi.DeviceBindLocatoin(System.String,System.Int64,System.String,System.Int64,System.Int64,System.Int64,System.String,System.Int32,System.Int32)
    Unique name M_Senparc_Weixin_MP_AdvancedAPIs_ShakeAroundApi_DeviceBindLocatoinAsync_1 generated for M:Senparc.Weixin.MP.AdvancedAPIs.ShakeAroundApi.DeviceBindLocatoinAsync(System.String,System.Int64,System.String,System.Int64,System.Int64,System.Int64,System.String,System.Int32,System.Int32)
    Unique name M_Senparc_Weixin_MP_AdvancedAPIs_ShakeAroundApi_RelationSearch_1 generated for M:Senparc.Weixin.MP.AdvancedAPIs.ShakeAroundApi.RelationSearch(System.String,System.Int64,System.Int32,System.Int32,System.Int32)
    Unique name M_Senparc_Weixin_MP_AdvancedAPIs_ShakeAroundApi_RelationSearchAsync_1 generated for M:Senparc.Weixin.MP.AdvancedAPIs.ShakeAroundApi.RelationSearchAsync(System.String,System.Int64,System.Int32,System.Int32,System.Int32)
    Unique name M_Senparc_Weixin_MP_AdvancedAPIs_UserTagApi_Get_1 generated for M:Senparc.Weixin.MP.AdvancedAPIs.UserTagApi.Get(System.String,System.Int32,System.String,System.Int32)
    Unique name M_Senparc_Weixin_MP_AdvancedAPIs_UserTagApi_GetAsync_1 generated for M:Senparc.Weixin.MP.AdvancedAPIs.UserTagApi.GetAsync(System.String,System.Int32,System.String,System.Int32)
    Unique name M_Senparc_Weixin_MP_AdvancedAPIs_ShakeAround_RegisterData__ctor_1 generated for M:Senparc.Weixin.MP.AdvancedAPIs.ShakeAround.RegisterData.#ctor(Senparc.Weixin.MP.IndustryId)
    Unique name M_Senparc_Weixin_MP_Agent_MessageAgent_RequestResponseMessage_1 generated for M:Senparc.Weixin.MP.Agent.MessageAgent.RequestResponseMessage(Senparc.Weixin.MP.MessageHandlers.IMessageHandler,System.String,System.String,System.String,System.Int32)
    Unique name M_Senparc_Weixin_MP_Agent_MessageAgent_RequestWeiweihiResponseMessage_1 generated for M:Senparc.Weixin.MP.Agent.MessageAgent.RequestWeiweihiResponseMessage(Senparc.Weixin.MP.MessageHandlers.IMessageHandler,System.String,System.String,System.String,System.Int32)
    Unique name M_Senparc_Weixin_MP_Agent_MessageAgent_RequestWeiweihiResponseMessage_2 generated for M:Senparc.Weixin.MP.Agent.MessageAgent.RequestWeiweihiResponseMessage(Senparc.Weixin.MP.MessageHandlers.IMessageHandler,System.String,System.Xml.Linq.XDocument,System.String,System.Int32)
    Unique name M_Senparc_Weixin_MP_Agent_MessageAgent_RequestXml_1 generated for M:Senparc.Weixin.MP.Agent.MessageAgent.RequestXml(Senparc.Weixin.MP.MessageHandlers.IMessageHandler,System.String,System.String,System.String,System.Int32)
    Unique name M_Senparc_Weixin_MP_AppStore_Utility_AppUtility_GetWeixinRequestInfo_1 generated for M:Senparc.Weixin.MP.AppStore.Utility.AppUtility.GetWeixinRequestInfo(System.String)
    Unique name M_Senparc_Weixin_MP_CommonAPIs_CommonApi_CreateMenu_1 generated for M:Senparc.Weixin.MP.CommonAPIs.CommonApi.CreateMenu(System.String,System.Object,System.Int32)
    Unique name M_Senparc_Weixin_MP_Entities_Menu_SubButton__ctor_1 generated for M:Senparc.Weixin.MP.Entities.Menu.SubButton.#ctor(System.String)
    Unique name M_Senparc_Weixin_MP_Helpers_EventHelper_GetEventType_1 generated for M:Senparc.Weixin.MP.Helpers.EventHelper.GetEventType(System.Xml.Linq.XDocument)
    Unique name M_Senparc_Weixin_MP_Helpers_MsgTypeHelper_GetRequestMsgType_1 generated for M:Senparc.Weixin.MP.Helpers.MsgTypeHelper.GetRequestMsgType(System.Xml.Linq.XDocument)
    Unique name M_Senparc_Weixin_MP_Helpers_MsgTypeHelper_GetResponseMsgType_1 generated for M:Senparc.Weixin.MP.Helpers.MsgTypeHelper.GetResponseMsgType(System.Xml.Linq.XDocument)
    Unique name M_Senparc_Weixin_MP_MessageHandlers_MessageHandler_1__ctor_1 generated for M:Senparc.Weixin.MP.MessageHandlers.MessageHandler`1.#ctor(System.IO.Stream,Senparc.Weixin.MP.Entities.Request.PostModel,System.Int32,Senparc.Weixin.MP.AppStore.DeveloperInfo)
    Unique name M_Senparc_Weixin_MP_MessageHandlers_MessageHandler_1__ctor_2 generated for M:Senparc.Weixin.MP.MessageHandlers.MessageHandler`1.#ctor(System.Xml.Linq.XDocument,Senparc.Weixin.MP.Entities.Request.PostModel,System.Int32,Senparc.Weixin.MP.AppStore.DeveloperInfo)
    Unique name M_Senparc_Weixin_MP_MvcExtension_FixWeixinBugWeixinResult__ctor_1 generated for M:Senparc.Weixin.MP.MvcExtension.FixWeixinBugWeixinResult.#ctor(System.String)
    Unique name M_Senparc_Weixin_MP_MvcExtension_WeixinResult__ctor_1 generated for M:Senparc.Weixin.MP.MvcExtension.WeixinResult.#ctor(System.String)
    Unique name M_Senparc_Weixin_MP_TenPayLib_ClientResponseHandler_IsTenpaySign_1 generated for M:Senparc.Weixin.MP.TenPayLib.ClientResponseHandler.IsTenpaySign(System.Collections.ArrayList)
    Unique name M_Senparc_Weixin_MP_TenPayLib_RefundResponseHandler_IsTenpaySign_1 generated for M:Senparc.Weixin.MP.TenPayLib.RefundResponseHandler.IsTenpaySign(System.Collections.ArrayList)
    Unique name M_Senparc_Weixin_MP_TenPayLibV3_RequestHandler__ctor_1 generated for M:Senparc.Weixin.MP.TenPayLibV3.RequestHandler.#ctor(System.Web.HttpContext)
    Unique name M_Senparc_Weixin_Open_RequestMessageFactory_GetRequestEntity_1 generated for M:Senparc.Weixin.Open.RequestMessageFactory.GetRequestEntity(System.String)
    Unique name M_Senparc_Weixin_Open_RequestMessageFactory_GetRequestEntity_2 generated for M:Senparc.Weixin.Open.RequestMessageFactory.GetRequestEntity(System.Xml.Linq.XDocument,Senparc.Weixin.Open.Entities.Request.PostModel)
    Unique name M_Senparc_Weixin_Open_ComponentAPIs_RefreshAuthorizerTokenResult__ctor_1 generated for M:Senparc.Weixin.Open.ComponentAPIs.RefreshAuthorizerTokenResult.#ctor(System.String,System.String,System.Int32)
    Unique name M_Senparc_Weixin_Open_Containers_AuthorizerContainer_TryUpdateAuthorizationInfo_1 generated for M:Senparc.Weixin.Open.Containers.AuthorizerContainer.TryUpdateAuthorizationInfo(System.String,System.String,System.String,System.String,System.Int32)
    Unique name M_Senparc_Weixin_Open_Helpers_InfoTypeHelper_GetRequestInfoType_1 generated for M:Senparc.Weixin.Open.Helpers.InfoTypeHelper.GetRequestInfoType(System.Xml.Linq.XDocument)
    Unique name M_Senparc_Weixin_Open_MessageHandlers_ThirdPartyMessageHandler__ctor_1 generated for M:Senparc.Weixin.Open.MessageHandlers.ThirdPartyMessageHandler.#ctor(System.Xml.Linq.XDocument,Senparc.Weixin.Open.Entities.Request.PostModel)
    Unique name M_Senparc_Weixin_QY_RequestMessageFactory_GetRequestEntity_1 generated for M:Senparc.Weixin.QY.RequestMessageFactory.GetRequestEntity(System.String)
    Unique name M_Senparc_Weixin_QY_RequestMessageFactory_GetRequestEntity_2 generated for M:Senparc.Weixin.QY.RequestMessageFactory.GetRequestEntity(System.Xml.Linq.XDocument)
    Unique name M_Senparc_Weixin_QY_ResponseMessageFactory_GetResponseEntity_1 generated for M:Senparc.Weixin.QY.ResponseMessageFactory.GetResponseEntity(System.Xml.Linq.XDocument)
    Unique name M_Senparc_Weixin_QY_AdvancedAPIs_OAuth2Api_GetUserId_1 generated for M:Senparc.Weixin.QY.AdvancedAPIs.OAuth2Api.GetUserId(System.String,System.String,System.String)
    Unique name M_Senparc_Weixin_QY_AdvancedAPIs_OAuth2Api_GetUserIdAsync_1 generated for M:Senparc.Weixin.QY.AdvancedAPIs.OAuth2Api.GetUserIdAsync(System.String,System.String,System.String)
    Unique name M_Senparc_Weixin_QY_Entities_Menu_SubButton__ctor_1 generated for M:Senparc.Weixin.QY.Entities.Menu.SubButton.#ctor(System.String)
    Unique name M_Senparc_Weixin_QY_Helpers_MsgTypeHelper_GetRequestMsgType_1 generated for M:Senparc.Weixin.QY.Helpers.MsgTypeHelper.GetRequestMsgType(System.Xml.Linq.XDocument)
    Unique name M_Senparc_Weixin_QY_Helpers_MsgTypeHelper_GetResponseMsgType_1 generated for M:Senparc.Weixin.QY.Helpers.MsgTypeHelper.GetResponseMsgType(System.Xml.Linq.XDocument)
    Unique name M_Senparc_Weixin_QY_Helpers_MsgTypeHelper_GetThirdPartyInfo_1 generated for M:Senparc.Weixin.QY.Helpers.MsgTypeHelper.GetThirdPartyInfo(System.Xml.Linq.XDocument)
    Unique name M_Senparc_Weixin_QY_MessageHandlers_QyMessageHandler_1__ctor_1 generated for M:Senparc.Weixin.QY.MessageHandlers.QyMessageHandler`1.#ctor(System.Xml.Linq.XDocument,Senparc.Weixin.QY.Entities.PostModel,System.Int32)
    Unique name M_Senparc_Weixin_XmlUtility_XmlUtility_Deserialize__1_1 generated for M:Senparc.Weixin.XmlUtility.XmlUtility.Deserialize``1(System.String)
  XslTransform (v2016.5.28.0)
  Copyright ? 2006-2016, Microsoft Corporation, All Rights Reserved.
  Portions Copyright ? 2006-2016, Eric Woodruff, All Rights Reserved.
  Applying XSL transformation &#39;D:\Program Files (x86)\EWSoftware\Sandcastle Help File Builder\ProductionTransforms\ReflectionToManifest.xsl&#39;.
已完成生成项目“E:\Senparc项目\WeiXinMPSDK\src\Senparc.Weixin.MP.BuildOutPut\chm\Senparc.Weixin SDK Full\Help\Working\TransformManifest.proj”(默认目标)的操作。

已成功生成。

已用时间 00:00:03.95
    Last step completed in 00:00:04.1665
</buildStep>
<buildStep step="GenerateNamespaceSummaries">
Generating namespace summary information...
    Last step completed in 00:00:00.0455
</buildStep>
<buildStep step="CopyAdditionalContent">
Copying additional content files...
E:\Senparc项目\WeiXinMPSDK\src\Senparc.Weixin.MP.BuildOutPut\chm\Senparc.Weixin SDK Full\icons\SenparcLogo.JPG -&gt; E:\Senparc项目\WeiXinMPSDK\src\Senparc.Weixin.MP.BuildOutPut\chm\Senparc.Weixin SDK Full\Help\Working\Output\HtmlHelp1\icons\SenparcLogo.JPG
E:\Senparc项目\WeiXinMPSDK\src\Senparc.Weixin.MP.BuildOutPut\chm\Senparc.Weixin SDK Full\icons\SenparcLogo.JPG -&gt; E:\Senparc项目\WeiXinMPSDK\src\Senparc.Weixin.MP.BuildOutPut\chm\Senparc.Weixin SDK Full\Help\Working\Output\Website\icons\SenparcLogo.JPG
    Last step completed in 00:00:00.0140
</buildStep>
<buildStep step="MergeTablesOfContents">
Merging conceptual and additional tables of contents...
    Last step completed in 00:00:00.0010
</buildStep>
<buildStep step="GenerateIntermediateTableOfContents">
Generating intermediate table of contents file...
[C:\Windows\Microsoft.NET\Framework64\v4.0.30319\MSBuild.exe - GenerateIntermediateTOC.proj]
生成启动时间为 2016/8/14 13:51:07。
节点 1 上的项目“E:\Senparc项目\WeiXinMPSDK\src\Senparc.Weixin.MP.BuildOutPut\chm\Senparc.Weixin SDK Full\Help\Working\GenerateIntermediateTOC.proj”(默认目标)。
GenerateIntermediateTOC:
  XslTransform (v2016.5.28.0)
  Copyright ? 2006-2016, Microsoft Corporation, All Rights Reserved.
  Portions Copyright ? 2006-2016, Eric Woodruff, All Rights Reserved.
  Applying XSL transformation &#39;D:\Program Files (x86)\EWSoftware\Sandcastle Help File Builder\\ProductionTransforms\CreateVSToc.xsl&#39;.
已完成生成项目“E:\Senparc项目\WeiXinMPSDK\src\Senparc.Weixin.MP.BuildOutPut\chm\Senparc.Weixin SDK Full\Help\Working\GenerateIntermediateTOC.proj”(默认目标)的操作。

已成功生成。

已用时间 00:00:00.74
Generating conceptual content intermediate TOC file...
    Last step completed in 00:00:01.0023
</buildStep>
<buildStep step="CreateBuildAssemblerConfigs">
Creating Sandcastle configuration files...
    sandcastle.config
    Last step completed in 00:00:00.3375
</buildStep>
<buildStep step="MergeCustomConfigs">
Merging custom build component configurations
E:\Senparc项目\WeiXinMPSDK\src\Senparc.Weixin.MP.BuildOutPut\chm\Senparc.Weixin SDK Full\Help\Working\sandcastle.config
  Updating reference topic configurations.
  No conceptual content.  Removing conceptual content components.
    Last step completed in 00:00:00.0115
</buildStep>
<buildStep step="BuildTopics">
Building help topics...
[C:\Windows\Microsoft.NET\Framework64\v4.0.30319\MSBuild.exe - BuildTopics.proj]
生成启动时间为 2016/8/14 13:51:08。
节点 1 上的项目“E:\Senparc项目\WeiXinMPSDK\src\Senparc.Weixin.MP.BuildOutPut\chm\Senparc.Weixin SDK Full\Help\Working\BuildTopics.proj”(默认目标)。
BuildTopics:
  BuildAssembler (v2016.5.28.0)
  Copyright ? 2006-2016, Microsoft Corporation, All Rights Reserved.
  Portions Copyright ? 2006-2016, Eric Woodruff, All Rights Reserved.
  Loading configuration...
  Processing topics...
  Processed 8333 topic(s)
  CopyFromIndexComponent: &quot;reflection&quot; in-memory cache entries used: 15 of 15.
  CopyFromIndexComponent: &quot;comments&quot; in-memory cache entries used: 7 of 30.
已完成生成项目“E:\Senparc项目\WeiXinMPSDK\src\Senparc.Weixin.MP.BuildOutPut\chm\Senparc.Weixin SDK Full\Help\Working\BuildTopics.proj”(默认目标)的操作。

已成功生成。

已用时间 00:02:20.22
    Last step completed in 00:02:20.5274
</buildStep>
<buildStep step="CombiningIntermediateTocFiles">
Combining conceptual and API intermediate TOC files...
    Last step completed in 00:00:00.1880
</buildStep>
<buildStep step="ExtractingHtmlInfo">
Extracting HTML info for HTML Help 1 and/or website...
[C:\Windows\Microsoft.NET\Framework64\v4.0.30319\MSBuild.exe - ExtractHtmlInfo.proj]
Sandcastle Help File Builder and Tools, version 2016.5.28.0
Copyright ? 2006-2016, Eric Woodruff, All Rights Reserved
E-Mail: Eric@EWoodruff.us

Using LCID &#39;2052&#39;, code page &#39;936&#39;, encoding charset &#39;gb2312&#39;.

Processing Help 1 files in E:\Senparc项目\WeiXinMPSDK\src\Senparc.Weixin.MP.BuildOutPut\chm\Senparc.Weixin SDK Full\Help\Working\Output\HtmlHelp1
Processed 8331 HTML files
Sorting keywords and generating See Also indices
Saving HTML Help 1 keyword index to E:\Senparc项目\WeiXinMPSDK\src\Senparc.Weixin.MP.BuildOutPut\chm\Senparc.Weixin SDK Full\Help\Working\Senparc.Weixin-v14.3.6.hhk
Saving HTML Help 1 table of contents to E:\Senparc项目\WeiXinMPSDK\src\Senparc.Weixin.MP.BuildOutPut\chm\Senparc.Weixin SDK Full\Help\Working\Senparc.Weixin-v14.3.6.hhc

Processing website files in E:\Senparc项目\WeiXinMPSDK\src\Senparc.Weixin.MP.BuildOutPut\chm\Senparc.Weixin SDK Full\Help\Working\Output\Website
Processed 8331 HTML files
Sorting keywords and generating See Also indices
Saving website keyword index to E:\Senparc项目\WeiXinMPSDK\src\Senparc.Weixin.MP.BuildOutPut\chm\Senparc.Weixin SDK Full\Help\Working\WebKI.xml
Saving website table of contents to E:\Senparc项目\WeiXinMPSDK\src\Senparc.Weixin.MP.BuildOutPut\chm\Senparc.Weixin SDK Full\Help\Working\WebTOC.xml
    Last step completed in 00:00:35.0079
</buildStep>
<buildStep step="CopyStandardHelpContent">
Copying standard help content...
D:\Program Files (x86)\EWSoftware\Sandcastle Help File Builder\PresentationStyles\VS2013\icons\AlertCaution.png -&gt; E:\Senparc项目\WeiXinMPSDK\src\Senparc.Weixin.MP.BuildOutPut\chm\Senparc.Weixin SDK Full\Help\Working\Output\HtmlHelp1\icons\AlertCaution.png
D:\Program Files (x86)\EWSoftware\Sandcastle Help File Builder\PresentationStyles\VS2013\icons\AlertNote.png -&gt; E:\Senparc项目\WeiXinMPSDK\src\Senparc.Weixin.MP.BuildOutPut\chm\Senparc.Weixin SDK Full\Help\Working\Output\HtmlHelp1\icons\AlertNote.png
D:\Program Files (x86)\EWSoftware\Sandcastle Help File Builder\PresentationStyles\VS2013\icons\AlertSecurity.png -&gt; E:\Senparc项目\WeiXinMPSDK\src\Senparc.Weixin.MP.BuildOutPut\chm\Senparc.Weixin SDK Full\Help\Working\Output\HtmlHelp1\icons\AlertSecurity.png
D:\Program Files (x86)\EWSoftware\Sandcastle Help File Builder\PresentationStyles\VS2013\icons\CFW.gif -&gt; E:\Senparc项目\WeiXinMPSDK\src\Senparc.Weixin.MP.BuildOutPut\chm\Senparc.Weixin SDK Full\Help\Working\Output\HtmlHelp1\icons\CFW.gif
D:\Program Files (x86)\EWSoftware\Sandcastle Help File Builder\PresentationStyles\VS2013\icons\CodeExample.png -&gt; E:\Senparc项目\WeiXinMPSDK\src\Senparc.Weixin.MP.BuildOutPut\chm\Senparc.Weixin SDK Full\Help\Working\Output\HtmlHelp1\icons\CodeExample.png
D:\Program Files (x86)\EWSoftware\Sandcastle Help File Builder\PresentationStyles\VS2013\icons\favicon.ico -&gt; E:\Senparc项目\WeiXinMPSDK\src\Senparc.Weixin.MP.BuildOutPut\chm\Senparc.Weixin SDK Full\Help\Working\Output\HtmlHelp1\icons\favicon.ico
D:\Program Files (x86)\EWSoftware\Sandcastle Help File Builder\PresentationStyles\VS2013\icons\privclass.gif -&gt; E:\Senparc项目\WeiXinMPSDK\src\Senparc.Weixin.MP.BuildOutPut\chm\Senparc.Weixin SDK Full\Help\Working\Output\HtmlHelp1\icons\privclass.gif
D:\Program Files (x86)\EWSoftware\Sandcastle Help File Builder\PresentationStyles\VS2013\icons\privdelegate.gif -&gt; E:\Senparc项目\WeiXinMPSDK\src\Senparc.Weixin.MP.BuildOutPut\chm\Senparc.Weixin SDK Full\Help\Working\Output\HtmlHelp1\icons\privdelegate.gif
D:\Program Files (x86)\EWSoftware\Sandcastle Help File Builder\PresentationStyles\VS2013\icons\privenumeration.gif -&gt; E:\Senparc项目\WeiXinMPSDK\src\Senparc.Weixin.MP.BuildOutPut\chm\Senparc.Weixin SDK Full\Help\Working\Output\HtmlHelp1\icons\privenumeration.gif
D:\Program Files (x86)\EWSoftware\Sandcastle Help File Builder\PresentationStyles\VS2013\icons\privevent.gif -&gt; E:\Senparc项目\WeiXinMPSDK\src\Senparc.Weixin.MP.BuildOutPut\chm\Senparc.Weixin SDK Full\Help\Working\Output\HtmlHelp1\icons\privevent.gif
D:\Program Files (x86)\EWSoftware\Sandcastle Help File Builder\PresentationStyles\VS2013\icons\privextension.gif -&gt; E:\Senparc项目\WeiXinMPSDK\src\Senparc.Weixin.MP.BuildOutPut\chm\Senparc.Weixin SDK Full\Help\Working\Output\HtmlHelp1\icons\privextension.gif
D:\Program Files (x86)\EWSoftware\Sandcastle Help File Builder\PresentationStyles\VS2013\icons\privfield.gif -&gt; E:\Senparc项目\WeiXinMPSDK\src\Senparc.Weixin.MP.BuildOutPut\chm\Senparc.Weixin SDK Full\Help\Working\Output\HtmlHelp1\icons\privfield.gif
D:\Program Files (x86)\EWSoftware\Sandcastle Help File Builder\PresentationStyles\VS2013\icons\privinterface.gif -&gt; E:\Senparc项目\WeiXinMPSDK\src\Senparc.Weixin.MP.BuildOutPut\chm\Senparc.Weixin SDK Full\Help\Working\Output\HtmlHelp1\icons\privinterface.gif
D:\Program Files (x86)\EWSoftware\Sandcastle Help File Builder\PresentationStyles\VS2013\icons\privmethod.gif -&gt; E:\Senparc项目\WeiXinMPSDK\src\Senparc.Weixin.MP.BuildOutPut\chm\Senparc.Weixin SDK Full\Help\Working\Output\HtmlHelp1\icons\privmethod.gif
D:\Program Files (x86)\EWSoftware\Sandcastle Help File Builder\PresentationStyles\VS2013\icons\privproperty.gif -&gt; E:\Senparc项目\WeiXinMPSDK\src\Senparc.Weixin.MP.BuildOutPut\chm\Senparc.Weixin SDK Full\Help\Working\Output\HtmlHelp1\icons\privproperty.gif
D:\Program Files (x86)\EWSoftware\Sandcastle Help File Builder\PresentationStyles\VS2013\icons\privstructure.gif -&gt; E:\Senparc项目\WeiXinMPSDK\src\Senparc.Weixin.MP.BuildOutPut\chm\Senparc.Weixin SDK Full\Help\Working\Output\HtmlHelp1\icons\privstructure.gif
D:\Program Files (x86)\EWSoftware\Sandcastle Help File Builder\PresentationStyles\VS2013\icons\protclass.gif -&gt; E:\Senparc项目\WeiXinMPSDK\src\Senparc.Weixin.MP.BuildOutPut\chm\Senparc.Weixin SDK Full\Help\Working\Output\HtmlHelp1\icons\protclass.gif
D:\Program Files (x86)\EWSoftware\Sandcastle Help File Builder\PresentationStyles\VS2013\icons\protdelegate.gif -&gt; E:\Senparc项目\WeiXinMPSDK\src\Senparc.Weixin.MP.BuildOutPut\chm\Senparc.Weixin SDK Full\Help\Working\Output\HtmlHelp1\icons\protdelegate.gif
D:\Program Files (x86)\EWSoftware\Sandcastle Help File Builder\PresentationStyles\VS2013\icons\protenumeration.gif -&gt; E:\Senparc项目\WeiXinMPSDK\src\Senparc.Weixin.MP.BuildOutPut\chm\Senparc.Weixin SDK Full\Help\Working\Output\HtmlHelp1\icons\protenumeration.gif
D:\Program Files (x86)\EWSoftware\Sandcastle Help File Builder\PresentationStyles\VS2013\icons\protevent.gif -&gt; E:\Senparc项目\WeiXinMPSDK\src\Senparc.Weixin.MP.BuildOutPut\chm\Senparc.Weixin SDK Full\Help\Working\Output\HtmlHelp1\icons\protevent.gif
D:\Program Files (x86)\EWSoftware\Sandcastle Help File Builder\PresentationStyles\VS2013\icons\protextension.gif -&gt; E:\Senparc项目\WeiXinMPSDK\src\Senparc.Weixin.MP.BuildOutPut\chm\Senparc.Weixin SDK Full\Help\Working\Output\HtmlHelp1\icons\protextension.gif
D:\Program Files (x86)\EWSoftware\Sandcastle Help File Builder\PresentationStyles\VS2013\icons\protfield.gif -&gt; E:\Senparc项目\WeiXinMPSDK\src\Senparc.Weixin.MP.BuildOutPut\chm\Senparc.Weixin SDK Full\Help\Working\Output\HtmlHelp1\icons\protfield.gif
D:\Program Files (x86)\EWSoftware\Sandcastle Help File Builder\PresentationStyles\VS2013\icons\protinterface.gif -&gt; E:\Senparc项目\WeiXinMPSDK\src\Senparc.Weixin.MP.BuildOutPut\chm\Senparc.Weixin SDK Full\Help\Working\Output\HtmlHelp1\icons\protinterface.gif
D:\Program Files (x86)\EWSoftware\Sandcastle Help File Builder\PresentationStyles\VS2013\icons\protmethod.gif -&gt; E:\Senparc项目\WeiXinMPSDK\src\Senparc.Weixin.MP.BuildOutPut\chm\Senparc.Weixin SDK Full\Help\Working\Output\HtmlHelp1\icons\protmethod.gif
D:\Program Files (x86)\EWSoftware\Sandcastle Help File Builder\PresentationStyles\VS2013\icons\protoperator.gif -&gt; E:\Senparc项目\WeiXinMPSDK\src\Senparc.Weixin.MP.BuildOutPut\chm\Senparc.Weixin SDK Full\Help\Working\Output\HtmlHelp1\icons\protoperator.gif
D:\Program Files (x86)\EWSoftware\Sandcastle Help File Builder\PresentationStyles\VS2013\icons\protproperty.gif -&gt; E:\Senparc项目\WeiXinMPSDK\src\Senparc.Weixin.MP.BuildOutPut\chm\Senparc.Weixin SDK Full\Help\Working\Output\HtmlHelp1\icons\protproperty.gif
D:\Program Files (x86)\EWSoftware\Sandcastle Help File Builder\PresentationStyles\VS2013\icons\protstructure.gif -&gt; E:\Senparc项目\WeiXinMPSDK\src\Senparc.Weixin.MP.BuildOutPut\chm\Senparc.Weixin SDK Full\Help\Working\Output\HtmlHelp1\icons\protstructure.gif
D:\Program Files (x86)\EWSoftware\Sandcastle Help File Builder\PresentationStyles\VS2013\icons\pubclass.gif -&gt; E:\Senparc项目\WeiXinMPSDK\src\Senparc.Weixin.MP.BuildOutPut\chm\Senparc.Weixin SDK Full\Help\Working\Output\HtmlHelp1\icons\pubclass.gif
D:\Program Files (x86)\EWSoftware\Sandcastle Help File Builder\PresentationStyles\VS2013\icons\pubdelegate.gif -&gt; E:\Senparc项目\WeiXinMPSDK\src\Senparc.Weixin.MP.BuildOutPut\chm\Senparc.Weixin SDK Full\Help\Working\Output\HtmlHelp1\icons\pubdelegate.gif
D:\Program Files (x86)\EWSoftware\Sandcastle Help File Builder\PresentationStyles\VS2013\icons\pubenumeration.gif -&gt; E:\Senparc项目\WeiXinMPSDK\src\Senparc.Weixin.MP.BuildOutPut\chm\Senparc.Weixin SDK Full\Help\Working\Output\HtmlHelp1\icons\pubenumeration.gif
D:\Program Files (x86)\EWSoftware\Sandcastle Help File Builder\PresentationStyles\VS2013\icons\pubevent.gif -&gt; E:\Senparc项目\WeiXinMPSDK\src\Senparc.Weixin.MP.BuildOutPut\chm\Senparc.Weixin SDK Full\Help\Working\Output\HtmlHelp1\icons\pubevent.gif
D:\Program Files (x86)\EWSoftware\Sandcastle Help File Builder\PresentationStyles\VS2013\icons\pubextension.gif -&gt; E:\Senparc项目\WeiXinMPSDK\src\Senparc.Weixin.MP.BuildOutPut\chm\Senparc.Weixin SDK Full\Help\Working\Output\HtmlHelp1\icons\pubextension.gif
D:\Program Files (x86)\EWSoftware\Sandcastle Help File Builder\PresentationStyles\VS2013\icons\pubfield.gif -&gt; E:\Senparc项目\WeiXinMPSDK\src\Senparc.Weixin.MP.BuildOutPut\chm\Senparc.Weixin SDK Full\Help\Working\Output\HtmlHelp1\icons\pubfield.gif
D:\Program Files (x86)\EWSoftware\Sandcastle Help File Builder\PresentationStyles\VS2013\icons\pubinterface.gif -&gt; E:\Senparc项目\WeiXinMPSDK\src\Senparc.Weixin.MP.BuildOutPut\chm\Senparc.Weixin SDK Full\Help\Working\Output\HtmlHelp1\icons\pubinterface.gif
D:\Program Files (x86)\EWSoftware\Sandcastle Help File Builder\PresentationStyles\VS2013\icons\pubmethod.gif -&gt; E:\Senparc项目\WeiXinMPSDK\src\Senparc.Weixin.MP.BuildOutPut\chm\Senparc.Weixin SDK Full\Help\Working\Output\HtmlHelp1\icons\pubmethod.gif
D:\Program Files (x86)\EWSoftware\Sandcastle Help File Builder\PresentationStyles\VS2013\icons\puboperator.gif -&gt; E:\Senparc项目\WeiXinMPSDK\src\Senparc.Weixin.MP.BuildOutPut\chm\Senparc.Weixin SDK Full\Help\Working\Output\HtmlHelp1\icons\puboperator.gif
D:\Program Files (x86)\EWSoftware\Sandcastle Help File Builder\PresentationStyles\VS2013\icons\pubproperty.gif -&gt; E:\Senparc项目\WeiXinMPSDK\src\Senparc.Weixin.MP.BuildOutPut\chm\Senparc.Weixin SDK Full\Help\Working\Output\HtmlHelp1\icons\pubproperty.gif
D:\Program Files (x86)\EWSoftware\Sandcastle Help File Builder\PresentationStyles\VS2013\icons\pubstructure.gif -&gt; E:\Senparc项目\WeiXinMPSDK\src\Senparc.Weixin.MP.BuildOutPut\chm\Senparc.Weixin SDK Full\Help\Working\Output\HtmlHelp1\icons\pubstructure.gif
D:\Program Files (x86)\EWSoftware\Sandcastle Help File Builder\PresentationStyles\VS2013\icons\SectionCollapsed.png -&gt; E:\Senparc项目\WeiXinMPSDK\src\Senparc.Weixin.MP.BuildOutPut\chm\Senparc.Weixin SDK Full\Help\Working\Output\HtmlHelp1\icons\SectionCollapsed.png
D:\Program Files (x86)\EWSoftware\Sandcastle Help File Builder\PresentationStyles\VS2013\icons\SectionExpanded.png -&gt; E:\Senparc项目\WeiXinMPSDK\src\Senparc.Weixin.MP.BuildOutPut\chm\Senparc.Weixin SDK Full\Help\Working\Output\HtmlHelp1\icons\SectionExpanded.png
D:\Program Files (x86)\EWSoftware\Sandcastle Help File Builder\PresentationStyles\VS2013\icons\slMobile.gif -&gt; E:\Senparc项目\WeiXinMPSDK\src\Senparc.Weixin.MP.BuildOutPut\chm\Senparc.Weixin SDK Full\Help\Working\Output\HtmlHelp1\icons\slMobile.gif
D:\Program Files (x86)\EWSoftware\Sandcastle Help File Builder\PresentationStyles\VS2013\icons\static.gif -&gt; E:\Senparc项目\WeiXinMPSDK\src\Senparc.Weixin.MP.BuildOutPut\chm\Senparc.Weixin SDK Full\Help\Working\Output\HtmlHelp1\icons\static.gif
D:\Program Files (x86)\EWSoftware\Sandcastle Help File Builder\PresentationStyles\VS2013\icons\xna.gif -&gt; E:\Senparc项目\WeiXinMPSDK\src\Senparc.Weixin.MP.BuildOutPut\chm\Senparc.Weixin SDK Full\Help\Working\Output\HtmlHelp1\icons\xna.gif
D:\Program Files (x86)\EWSoftware\Sandcastle Help File Builder\PresentationStyles\VS2013\scripts\branding.js -&gt; E:\Senparc项目\WeiXinMPSDK\src\Senparc.Weixin.MP.BuildOutPut\chm\Senparc.Weixin SDK Full\Help\Working\Output\HtmlHelp1\scripts\branding.js
D:\Program Files (x86)\EWSoftware\Sandcastle Help File Builder\PresentationStyles\VS2013\styles\branding-cs-CZ.css -&gt; E:\Senparc项目\WeiXinMPSDK\src\Senparc.Weixin.MP.BuildOutPut\chm\Senparc.Weixin SDK Full\Help\Working\Output\HtmlHelp1\styles\branding-cs-CZ.css
D:\Program Files (x86)\EWSoftware\Sandcastle Help File Builder\PresentationStyles\VS2013\styles\branding-de-DE.css -&gt; E:\Senparc项目\WeiXinMPSDK\src\Senparc.Weixin.MP.BuildOutPut\chm\Senparc.Weixin SDK Full\Help\Working\Output\HtmlHelp1\styles\branding-de-DE.css
D:\Program Files (x86)\EWSoftware\Sandcastle Help File Builder\PresentationStyles\VS2013\styles\branding-en-US.css -&gt; E:\Senparc项目\WeiXinMPSDK\src\Senparc.Weixin.MP.BuildOutPut\chm\Senparc.Weixin SDK Full\Help\Working\Output\HtmlHelp1\styles\branding-en-US.css
D:\Program Files (x86)\EWSoftware\Sandcastle Help File Builder\PresentationStyles\VS2013\styles\branding-es-ES.css -&gt; E:\Senparc项目\WeiXinMPSDK\src\Senparc.Weixin.MP.BuildOutPut\chm\Senparc.Weixin SDK Full\Help\Working\Output\HtmlHelp1\styles\branding-es-ES.css
D:\Program Files (x86)\EWSoftware\Sandcastle Help File Builder\PresentationStyles\VS2013\styles\branding-fr-FR.css -&gt; E:\Senparc项目\WeiXinMPSDK\src\Senparc.Weixin.MP.BuildOutPut\chm\Senparc.Weixin SDK Full\Help\Working\Output\HtmlHelp1\styles\branding-fr-FR.css
D:\Program Files (x86)\EWSoftware\Sandcastle Help File Builder\PresentationStyles\VS2013\styles\branding-Help1.css -&gt; E:\Senparc项目\WeiXinMPSDK\src\Senparc.Weixin.MP.BuildOutPut\chm\Senparc.Weixin SDK Full\Help\Working\Output\HtmlHelp1\styles\branding-Help1.css
D:\Program Files (x86)\EWSoftware\Sandcastle Help File Builder\PresentationStyles\VS2013\styles\branding-HelpViewer.css -&gt; E:\Senparc项目\WeiXinMPSDK\src\Senparc.Weixin.MP.BuildOutPut\chm\Senparc.Weixin SDK Full\Help\Working\Output\HtmlHelp1\styles\branding-HelpViewer.css
D:\Program Files (x86)\EWSoftware\Sandcastle Help File Builder\PresentationStyles\VS2013\styles\branding-it-IT.css -&gt; E:\Senparc项目\WeiXinMPSDK\src\Senparc.Weixin.MP.BuildOutPut\chm\Senparc.Weixin SDK Full\Help\Working\Output\HtmlHelp1\styles\branding-it-IT.css
D:\Program Files (x86)\EWSoftware\Sandcastle Help File Builder\PresentationStyles\VS2013\styles\branding-ja-JP.css -&gt; E:\Senparc项目\WeiXinMPSDK\src\Senparc.Weixin.MP.BuildOutPut\chm\Senparc.Weixin SDK Full\Help\Working\Output\HtmlHelp1\styles\branding-ja-JP.css
D:\Program Files (x86)\EWSoftware\Sandcastle Help File Builder\PresentationStyles\VS2013\styles\branding-ko-KR.css -&gt; E:\Senparc项目\WeiXinMPSDK\src\Senparc.Weixin.MP.BuildOutPut\chm\Senparc.Weixin SDK Full\Help\Working\Output\HtmlHelp1\styles\branding-ko-KR.css
D:\Program Files (x86)\EWSoftware\Sandcastle Help File Builder\PresentationStyles\VS2013\styles\branding-pl-PL.css -&gt; E:\Senparc项目\WeiXinMPSDK\src\Senparc.Weixin.MP.BuildOutPut\chm\Senparc.Weixin SDK Full\Help\Working\Output\HtmlHelp1\styles\branding-pl-PL.css
D:\Program Files (x86)\EWSoftware\Sandcastle Help File Builder\PresentationStyles\VS2013\styles\branding-pt-BR.css -&gt; E:\Senparc项目\WeiXinMPSDK\src\Senparc.Weixin.MP.BuildOutPut\chm\Senparc.Weixin SDK Full\Help\Working\Output\HtmlHelp1\styles\branding-pt-BR.css
D:\Program Files (x86)\EWSoftware\Sandcastle Help File Builder\PresentationStyles\VS2013\styles\branding-ru-RU.css -&gt; E:\Senparc项目\WeiXinMPSDK\src\Senparc.Weixin.MP.BuildOutPut\chm\Senparc.Weixin SDK Full\Help\Working\Output\HtmlHelp1\styles\branding-ru-RU.css
D:\Program Files (x86)\EWSoftware\Sandcastle Help File Builder\PresentationStyles\VS2013\styles\branding-tr-TR.css -&gt; E:\Senparc项目\WeiXinMPSDK\src\Senparc.Weixin.MP.BuildOutPut\chm\Senparc.Weixin SDK Full\Help\Working\Output\HtmlHelp1\styles\branding-tr-TR.css
D:\Program Files (x86)\EWSoftware\Sandcastle Help File Builder\PresentationStyles\VS2013\styles\branding-Website.css -&gt; E:\Senparc项目\WeiXinMPSDK\src\Senparc.Weixin.MP.BuildOutPut\chm\Senparc.Weixin SDK Full\Help\Working\Output\HtmlHelp1\styles\branding-Website.css
D:\Program Files (x86)\EWSoftware\Sandcastle Help File Builder\PresentationStyles\VS2013\styles\branding-zh-CN.css -&gt; E:\Senparc项目\WeiXinMPSDK\src\Senparc.Weixin.MP.BuildOutPut\chm\Senparc.Weixin SDK Full\Help\Working\Output\HtmlHelp1\styles\branding-zh-CN.css
D:\Program Files (x86)\EWSoftware\Sandcastle Help File Builder\PresentationStyles\VS2013\styles\branding-zh-TW.css -&gt; E:\Senparc项目\WeiXinMPSDK\src\Senparc.Weixin.MP.BuildOutPut\chm\Senparc.Weixin SDK Full\Help\Working\Output\HtmlHelp1\styles\branding-zh-TW.css
D:\Program Files (x86)\EWSoftware\Sandcastle Help File Builder\PresentationStyles\VS2013\styles\branding.css -&gt; E:\Senparc项目\WeiXinMPSDK\src\Senparc.Weixin.MP.BuildOutPut\chm\Senparc.Weixin SDK Full\Help\Working\Output\HtmlHelp1\styles\branding.css
D:\Program Files (x86)\EWSoftware\Sandcastle Help File Builder\PresentationStyles\VS2013\icons\AlertCaution.png -&gt; E:\Senparc项目\WeiXinMPSDK\src\Senparc.Weixin.MP.BuildOutPut\chm\Senparc.Weixin SDK Full\Help\Working\Output\Website\icons\AlertCaution.png
D:\Program Files (x86)\EWSoftware\Sandcastle Help File Builder\PresentationStyles\VS2013\icons\AlertNote.png -&gt; E:\Senparc项目\WeiXinMPSDK\src\Senparc.Weixin.MP.BuildOutPut\chm\Senparc.Weixin SDK Full\Help\Working\Output\Website\icons\AlertNote.png
D:\Program Files (x86)\EWSoftware\Sandcastle Help File Builder\PresentationStyles\VS2013\icons\AlertSecurity.png -&gt; E:\Senparc项目\WeiXinMPSDK\src\Senparc.Weixin.MP.BuildOutPut\chm\Senparc.Weixin SDK Full\Help\Working\Output\Website\icons\AlertSecurity.png
D:\Program Files (x86)\EWSoftware\Sandcastle Help File Builder\PresentationStyles\VS2013\icons\CFW.gif -&gt; E:\Senparc项目\WeiXinMPSDK\src\Senparc.Weixin.MP.BuildOutPut\chm\Senparc.Weixin SDK Full\Help\Working\Output\Website\icons\CFW.gif
D:\Program Files (x86)\EWSoftware\Sandcastle Help File Builder\PresentationStyles\VS2013\icons\CodeExample.png -&gt; E:\Senparc项目\WeiXinMPSDK\src\Senparc.Weixin.MP.BuildOutPut\chm\Senparc.Weixin SDK Full\Help\Working\Output\Website\icons\CodeExample.png
D:\Program Files (x86)\EWSoftware\Sandcastle Help File Builder\PresentationStyles\VS2013\icons\favicon.ico -&gt; E:\Senparc项目\WeiXinMPSDK\src\Senparc.Weixin.MP.BuildOutPut\chm\Senparc.Weixin SDK Full\Help\Working\Output\Website\icons\favicon.ico
D:\Program Files (x86)\EWSoftware\Sandcastle Help File Builder\PresentationStyles\VS2013\icons\privclass.gif -&gt; E:\Senparc项目\WeiXinMPSDK\src\Senparc.Weixin.MP.BuildOutPut\chm\Senparc.Weixin SDK Full\Help\Working\Output\Website\icons\privclass.gif
D:\Program Files (x86)\EWSoftware\Sandcastle Help File Builder\PresentationStyles\VS2013\icons\privdelegate.gif -&gt; E:\Senparc项目\WeiXinMPSDK\src\Senparc.Weixin.MP.BuildOutPut\chm\Senparc.Weixin SDK Full\Help\Working\Output\Website\icons\privdelegate.gif
D:\Program Files (x86)\EWSoftware\Sandcastle Help File Builder\PresentationStyles\VS2013\icons\privenumeration.gif -&gt; E:\Senparc项目\WeiXinMPSDK\src\Senparc.Weixin.MP.BuildOutPut\chm\Senparc.Weixin SDK Full\Help\Working\Output\Website\icons\privenumeration.gif
D:\Program Files (x86)\EWSoftware\Sandcastle Help File Builder\PresentationStyles\VS2013\icons\privevent.gif -&gt; E:\Senparc项目\WeiXinMPSDK\src\Senparc.Weixin.MP.BuildOutPut\chm\Senparc.Weixin SDK Full\Help\Working\Output\Website\icons\privevent.gif
D:\Program Files (x86)\EWSoftware\Sandcastle Help File Builder\PresentationStyles\VS2013\icons\privextension.gif -&gt; E:\Senparc项目\WeiXinMPSDK\src\Senparc.Weixin.MP.BuildOutPut\chm\Senparc.Weixin SDK Full\Help\Working\Output\Website\icons\privextension.gif
D:\Program Files (x86)\EWSoftware\Sandcastle Help File Builder\PresentationStyles\VS2013\icons\privfield.gif -&gt; E:\Senparc项目\WeiXinMPSDK\src\Senparc.Weixin.MP.BuildOutPut\chm\Senparc.Weixin SDK Full\Help\Working\Output\Website\icons\privfield.gif
D:\Program Files (x86)\EWSoftware\Sandcastle Help File Builder\PresentationStyles\VS2013\icons\privinterface.gif -&gt; E:\Senparc项目\WeiXinMPSDK\src\Senparc.Weixin.MP.BuildOutPut\chm\Senparc.Weixin SDK Full\Help\Working\Output\Website\icons\privinterface.gif
D:\Program Files (x86)\EWSoftware\Sandcastle Help File Builder\PresentationStyles\VS2013\icons\privmethod.gif -&gt; E:\Senparc项目\WeiXinMPSDK\src\Senparc.Weixin.MP.BuildOutPut\chm\Senparc.Weixin SDK Full\Help\Working\Output\Website\icons\privmethod.gif
D:\Program Files (x86)\EWSoftware\Sandcastle Help File Builder\PresentationStyles\VS2013\icons\privproperty.gif -&gt; E:\Senparc项目\WeiXinMPSDK\src\Senparc.Weixin.MP.BuildOutPut\chm\Senparc.Weixin SDK Full\Help\Working\Output\Website\icons\privproperty.gif
D:\Program Files (x86)\EWSoftware\Sandcastle Help File Builder\PresentationStyles\VS2013\icons\privstructure.gif -&gt; E:\Senparc项目\WeiXinMPSDK\src\Senparc.Weixin.MP.BuildOutPut\chm\Senparc.Weixin SDK Full\Help\Working\Output\Website\icons\privstructure.gif
D:\Program Files (x86)\EWSoftware\Sandcastle Help File Builder\PresentationStyles\VS2013\icons\protclass.gif -&gt; E:\Senparc项目\WeiXinMPSDK\src\Senparc.Weixin.MP.BuildOutPut\chm\Senparc.Weixin SDK Full\Help\Working\Output\Website\icons\protclass.gif
D:\Program Files (x86)\EWSoftware\Sandcastle Help File Builder\PresentationStyles\VS2013\icons\protdelegate.gif -&gt; E:\Senparc项目\WeiXinMPSDK\src\Senparc.Weixin.MP.BuildOutPut\chm\Senparc.Weixin SDK Full\Help\Working\Output\Website\icons\protdelegate.gif
D:\Program Files (x86)\EWSoftware\Sandcastle Help File Builder\PresentationStyles\VS2013\icons\protenumeration.gif -&gt; E:\Senparc项目\WeiXinMPSDK\src\Senparc.Weixin.MP.BuildOutPut\chm\Senparc.Weixin SDK Full\Help\Working\Output\Website\icons\protenumeration.gif
D:\Program Files (x86)\EWSoftware\Sandcastle Help File Builder\PresentationStyles\VS2013\icons\protevent.gif -&gt; E:\Senparc项目\WeiXinMPSDK\src\Senparc.Weixin.MP.BuildOutPut\chm\Senparc.Weixin SDK Full\Help\Working\Output\Website\icons\protevent.gif
D:\Program Files (x86)\EWSoftware\Sandcastle Help File Builder\PresentationStyles\VS2013\icons\protextension.gif -&gt; E:\Senparc项目\WeiXinMPSDK\src\Senparc.Weixin.MP.BuildOutPut\chm\Senparc.Weixin SDK Full\Help\Working\Output\Website\icons\protextension.gif
D:\Program Files (x86)\EWSoftware\Sandcastle Help File Builder\PresentationStyles\VS2013\icons\protfield.gif -&gt; E:\Senparc项目\WeiXinMPSDK\src\Senparc.Weixin.MP.BuildOutPut\chm\Senparc.Weixin SDK Full\Help\Working\Output\Website\icons\protfield.gif
D:\Program Files (x86)\EWSoftware\Sandcastle Help File Builder\PresentationStyles\VS2013\icons\protinterface.gif -&gt; E:\Senparc项目\WeiXinMPSDK\src\Senparc.Weixin.MP.BuildOutPut\chm\Senparc.Weixin SDK Full\Help\Working\Output\Website\icons\protinterface.gif
D:\Program Files (x86)\EWSoftware\Sandcastle Help File Builder\PresentationStyles\VS2013\icons\protmethod.gif -&gt; E:\Senparc项目\WeiXinMPSDK\src\Senparc.Weixin.MP.BuildOutPut\chm\Senparc.Weixin SDK Full\Help\Working\Output\Website\icons\protmethod.gif
D:\Program Files (x86)\EWSoftware\Sandcastle Help File Builder\PresentationStyles\VS2013\icons\protoperator.gif -&gt; E:\Senparc项目\WeiXinMPSDK\src\Senparc.Weixin.MP.BuildOutPut\chm\Senparc.Weixin SDK Full\Help\Working\Output\Website\icons\protoperator.gif
D:\Program Files (x86)\EWSoftware\Sandcastle Help File Builder\PresentationStyles\VS2013\icons\protproperty.gif -&gt; E:\Senparc项目\WeiXinMPSDK\src\Senparc.Weixin.MP.BuildOutPut\chm\Senparc.Weixin SDK Full\Help\Working\Output\Website\icons\protproperty.gif
D:\Program Files (x86)\EWSoftware\Sandcastle Help File Builder\PresentationStyles\VS2013\icons\protstructure.gif -&gt; E:\Senparc项目\WeiXinMPSDK\src\Senparc.Weixin.MP.BuildOutPut\chm\Senparc.Weixin SDK Full\Help\Working\Output\Website\icons\protstructure.gif
D:\Program Files (x86)\EWSoftware\Sandcastle Help File Builder\PresentationStyles\VS2013\icons\pubclass.gif -&gt; E:\Senparc项目\WeiXinMPSDK\src\Senparc.Weixin.MP.BuildOutPut\chm\Senparc.Weixin SDK Full\Help\Working\Output\Website\icons\pubclass.gif
D:\Program Files (x86)\EWSoftware\Sandcastle Help File Builder\PresentationStyles\VS2013\icons\pubdelegate.gif -&gt; E:\Senparc项目\WeiXinMPSDK\src\Senparc.Weixin.MP.BuildOutPut\chm\Senparc.Weixin SDK Full\Help\Working\Output\Website\icons\pubdelegate.gif
D:\Program Files (x86)\EWSoftware\Sandcastle Help File Builder\PresentationStyles\VS2013\icons\pubenumeration.gif -&gt; E:\Senparc项目\WeiXinMPSDK\src\Senparc.Weixin.MP.BuildOutPut\chm\Senparc.Weixin SDK Full\Help\Working\Output\Website\icons\pubenumeration.gif
D:\Program Files (x86)\EWSoftware\Sandcastle Help File Builder\PresentationStyles\VS2013\icons\pubevent.gif -&gt; E:\Senparc项目\WeiXinMPSDK\src\Senparc.Weixin.MP.BuildOutPut\chm\Senparc.Weixin SDK Full\Help\Working\Output\Website\icons\pubevent.gif
D:\Program Files (x86)\EWSoftware\Sandcastle Help File Builder\PresentationStyles\VS2013\icons\pubextension.gif -&gt; E:\Senparc项目\WeiXinMPSDK\src\Senparc.Weixin.MP.BuildOutPut\chm\Senparc.Weixin SDK Full\Help\Working\Output\Website\icons\pubextension.gif
D:\Program Files (x86)\EWSoftware\Sandcastle Help File Builder\PresentationStyles\VS2013\icons\pubfield.gif -&gt; E:\Senparc项目\WeiXinMPSDK\src\Senparc.Weixin.MP.BuildOutPut\chm\Senparc.Weixin SDK Full\Help\Working\Output\Website\icons\pubfield.gif
D:\Program Files (x86)\EWSoftware\Sandcastle Help File Builder\PresentationStyles\VS2013\icons\pubinterface.gif -&gt; E:\Senparc项目\WeiXinMPSDK\src\Senparc.Weixin.MP.BuildOutPut\chm\Senparc.Weixin SDK Full\Help\Working\Output\Website\icons\pubinterface.gif
D:\Program Files (x86)\EWSoftware\Sandcastle Help File Builder\PresentationStyles\VS2013\icons\pubmethod.gif -&gt; E:\Senparc项目\WeiXinMPSDK\src\Senparc.Weixin.MP.BuildOutPut\chm\Senparc.Weixin SDK Full\Help\Working\Output\Website\icons\pubmethod.gif
D:\Program Files (x86)\EWSoftware\Sandcastle Help File Builder\PresentationStyles\VS2013\icons\puboperator.gif -&gt; E:\Senparc项目\WeiXinMPSDK\src\Senparc.Weixin.MP.BuildOutPut\chm\Senparc.Weixin SDK Full\Help\Working\Output\Website\icons\puboperator.gif
D:\Program Files (x86)\EWSoftware\Sandcastle Help File Builder\PresentationStyles\VS2013\icons\pubproperty.gif -&gt; E:\Senparc项目\WeiXinMPSDK\src\Senparc.Weixin.MP.BuildOutPut\chm\Senparc.Weixin SDK Full\Help\Working\Output\Website\icons\pubproperty.gif
D:\Program Files (x86)\EWSoftware\Sandcastle Help File Builder\PresentationStyles\VS2013\icons\pubstructure.gif -&gt; E:\Senparc项目\WeiXinMPSDK\src\Senparc.Weixin.MP.BuildOutPut\chm\Senparc.Weixin SDK Full\Help\Working\Output\Website\icons\pubstructure.gif
D:\Program Files (x86)\EWSoftware\Sandcastle Help File Builder\PresentationStyles\VS2013\icons\SectionCollapsed.png -&gt; E:\Senparc项目\WeiXinMPSDK\src\Senparc.Weixin.MP.BuildOutPut\chm\Senparc.Weixin SDK Full\Help\Working\Output\Website\icons\SectionCollapsed.png
D:\Program Files (x86)\EWSoftware\Sandcastle Help File Builder\PresentationStyles\VS2013\icons\SectionExpanded.png -&gt; E:\Senparc项目\WeiXinMPSDK\src\Senparc.Weixin.MP.BuildOutPut\chm\Senparc.Weixin SDK Full\Help\Working\Output\Website\icons\SectionExpanded.png
D:\Program Files (x86)\EWSoftware\Sandcastle Help File Builder\PresentationStyles\VS2013\icons\slMobile.gif -&gt; E:\Senparc项目\WeiXinMPSDK\src\Senparc.Weixin.MP.BuildOutPut\chm\Senparc.Weixin SDK Full\Help\Working\Output\Website\icons\slMobile.gif
D:\Program Files (x86)\EWSoftware\Sandcastle Help File Builder\PresentationStyles\VS2013\icons\static.gif -&gt; E:\Senparc项目\WeiXinMPSDK\src\Senparc.Weixin.MP.BuildOutPut\chm\Senparc.Weixin SDK Full\Help\Working\Output\Website\icons\static.gif
D:\Program Files (x86)\EWSoftware\Sandcastle Help File Builder\PresentationStyles\VS2013\icons\xna.gif -&gt; E:\Senparc项目\WeiXinMPSDK\src\Senparc.Weixin.MP.BuildOutPut\chm\Senparc.Weixin SDK Full\Help\Working\Output\Website\icons\xna.gif
D:\Program Files (x86)\EWSoftware\Sandcastle Help File Builder\PresentationStyles\VS2013\scripts\branding.js -&gt; E:\Senparc项目\WeiXinMPSDK\src\Senparc.Weixin.MP.BuildOutPut\chm\Senparc.Weixin SDK Full\Help\Working\Output\Website\scripts\branding.js
D:\Program Files (x86)\EWSoftware\Sandcastle Help File Builder\PresentationStyles\VS2013\styles\branding-cs-CZ.css -&gt; E:\Senparc项目\WeiXinMPSDK\src\Senparc.Weixin.MP.BuildOutPut\chm\Senparc.Weixin SDK Full\Help\Working\Output\Website\styles\branding-cs-CZ.css
D:\Program Files (x86)\EWSoftware\Sandcastle Help File Builder\PresentationStyles\VS2013\styles\branding-de-DE.css -&gt; E:\Senparc项目\WeiXinMPSDK\src\Senparc.Weixin.MP.BuildOutPut\chm\Senparc.Weixin SDK Full\Help\Working\Output\Website\styles\branding-de-DE.css
D:\Program Files (x86)\EWSoftware\Sandcastle Help File Builder\PresentationStyles\VS2013\styles\branding-en-US.css -&gt; E:\Senparc项目\WeiXinMPSDK\src\Senparc.Weixin.MP.BuildOutPut\chm\Senparc.Weixin SDK Full\Help\Working\Output\Website\styles\branding-en-US.css
D:\Program Files (x86)\EWSoftware\Sandcastle Help File Builder\PresentationStyles\VS2013\styles\branding-es-ES.css -&gt; E:\Senparc项目\WeiXinMPSDK\src\Senparc.Weixin.MP.BuildOutPut\chm\Senparc.Weixin SDK Full\Help\Working\Output\Website\styles\branding-es-ES.css
D:\Program Files (x86)\EWSoftware\Sandcastle Help File Builder\PresentationStyles\VS2013\styles\branding-fr-FR.css -&gt; E:\Senparc项目\WeiXinMPSDK\src\Senparc.Weixin.MP.BuildOutPut\chm\Senparc.Weixin SDK Full\Help\Working\Output\Website\styles\branding-fr-FR.css
D:\Program Files (x86)\EWSoftware\Sandcastle Help File Builder\PresentationStyles\VS2013\styles\branding-Help1.css -&gt; E:\Senparc项目\WeiXinMPSDK\src\Senparc.Weixin.MP.BuildOutPut\chm\Senparc.Weixin SDK Full\Help\Working\Output\Website\styles\branding-Help1.css
D:\Program Files (x86)\EWSoftware\Sandcastle Help File Builder\PresentationStyles\VS2013\styles\branding-HelpViewer.css -&gt; E:\Senparc项目\WeiXinMPSDK\src\Senparc.Weixin.MP.BuildOutPut\chm\Senparc.Weixin SDK Full\Help\Working\Output\Website\styles\branding-HelpViewer.css
D:\Program Files (x86)\EWSoftware\Sandcastle Help File Builder\PresentationStyles\VS2013\styles\branding-it-IT.css -&gt; E:\Senparc项目\WeiXinMPSDK\src\Senparc.Weixin.MP.BuildOutPut\chm\Senparc.Weixin SDK Full\Help\Working\Output\Website\styles\branding-it-IT.css
D:\Program Files (x86)\EWSoftware\Sandcastle Help File Builder\PresentationStyles\VS2013\styles\branding-ja-JP.css -&gt; E:\Senparc项目\WeiXinMPSDK\src\Senparc.Weixin.MP.BuildOutPut\chm\Senparc.Weixin SDK Full\Help\Working\Output\Website\styles\branding-ja-JP.css
D:\Program Files (x86)\EWSoftware\Sandcastle Help File Builder\PresentationStyles\VS2013\styles\branding-ko-KR.css -&gt; E:\Senparc项目\WeiXinMPSDK\src\Senparc.Weixin.MP.BuildOutPut\chm\Senparc.Weixin SDK Full\Help\Working\Output\Website\styles\branding-ko-KR.css
D:\Program Files (x86)\EWSoftware\Sandcastle Help File Builder\PresentationStyles\VS2013\styles\branding-pl-PL.css -&gt; E:\Senparc项目\WeiXinMPSDK\src\Senparc.Weixin.MP.BuildOutPut\chm\Senparc.Weixin SDK Full\Help\Working\Output\Website\styles\branding-pl-PL.css
D:\Program Files (x86)\EWSoftware\Sandcastle Help File Builder\PresentationStyles\VS2013\styles\branding-pt-BR.css -&gt; E:\Senparc项目\WeiXinMPSDK\src\Senparc.Weixin.MP.BuildOutPut\chm\Senparc.Weixin SDK Full\Help\Working\Output\Website\styles\branding-pt-BR.css
D:\Program Files (x86)\EWSoftware\Sandcastle Help File Builder\PresentationStyles\VS2013\styles\branding-ru-RU.css -&gt; E:\Senparc项目\WeiXinMPSDK\src\Senparc.Weixin.MP.BuildOutPut\chm\Senparc.Weixin SDK Full\Help\Working\Output\Website\styles\branding-ru-RU.css
D:\Program Files (x86)\EWSoftware\Sandcastle Help File Builder\PresentationStyles\VS2013\styles\branding-tr-TR.css -&gt; E:\Senparc项目\WeiXinMPSDK\src\Senparc.Weixin.MP.BuildOutPut\chm\Senparc.Weixin SDK Full\Help\Working\Output\Website\styles\branding-tr-TR.css
D:\Program Files (x86)\EWSoftware\Sandcastle Help File Builder\PresentationStyles\VS2013\styles\branding-Website.css -&gt; E:\Senparc项目\WeiXinMPSDK\src\Senparc.Weixin.MP.BuildOutPut\chm\Senparc.Weixin SDK Full\Help\Working\Output\Website\styles\branding-Website.css
D:\Program Files (x86)\EWSoftware\Sandcastle Help File Builder\PresentationStyles\VS2013\styles\branding-zh-CN.css -&gt; E:\Senparc项目\WeiXinMPSDK\src\Senparc.Weixin.MP.BuildOutPut\chm\Senparc.Weixin SDK Full\Help\Working\Output\Website\styles\branding-zh-CN.css
D:\Program Files (x86)\EWSoftware\Sandcastle Help File Builder\PresentationStyles\VS2013\styles\branding-zh-TW.css -&gt; E:\Senparc项目\WeiXinMPSDK\src\Senparc.Weixin.MP.BuildOutPut\chm\Senparc.Weixin SDK Full\Help\Working\Output\Website\styles\branding-zh-TW.css
D:\Program Files (x86)\EWSoftware\Sandcastle Help File Builder\PresentationStyles\VS2013\styles\branding.css -&gt; E:\Senparc项目\WeiXinMPSDK\src\Senparc.Weixin.MP.BuildOutPut\chm\Senparc.Weixin SDK Full\Help\Working\Output\Website\styles\branding.css
D:\Program Files (x86)\EWSoftware\Sandcastle Help File Builder\PresentationStyles\VS2013\Web\index.html -&gt; E:\Senparc项目\WeiXinMPSDK\src\Senparc.Weixin.MP.BuildOutPut\chm\Senparc.Weixin SDK Full\Help\Working\Output\Website\index.html
D:\Program Files (x86)\EWSoftware\Sandcastle Help File Builder\PresentationStyles\VS2013\Web\search.html -&gt; E:\Senparc项目\WeiXinMPSDK\src\Senparc.Weixin.MP.BuildOutPut\chm\Senparc.Weixin SDK Full\Help\Working\Output\Website\search.html
D:\Program Files (x86)\EWSoftware\Sandcastle Help File Builder\PresentationStyles\VS2013\Web\SearchHelp.aspx -&gt; E:\Senparc项目\WeiXinMPSDK\src\Senparc.Weixin.MP.BuildOutPut\chm\Senparc.Weixin SDK Full\Help\Working\Output\Website\SearchHelp.aspx
D:\Program Files (x86)\EWSoftware\Sandcastle Help File Builder\PresentationStyles\VS2013\Web\SearchHelp.inc.php -&gt; E:\Senparc项目\WeiXinMPSDK\src\Senparc.Weixin.MP.BuildOutPut\chm\Senparc.Weixin SDK Full\Help\Working\Output\Website\SearchHelp.inc.php
D:\Program Files (x86)\EWSoftware\Sandcastle Help File Builder\PresentationStyles\VS2013\Web\SearchHelp.php -&gt; E:\Senparc项目\WeiXinMPSDK\src\Senparc.Weixin.MP.BuildOutPut\chm\Senparc.Weixin SDK Full\Help\Working\Output\Website\SearchHelp.php
D:\Program Files (x86)\EWSoftware\Sandcastle Help File Builder\PresentationStyles\VS2013\Web\Web.Config -&gt; E:\Senparc项目\WeiXinMPSDK\src\Senparc.Weixin.MP.BuildOutPut\chm\Senparc.Weixin SDK Full\Help\Working\Output\Website\Web.Config
D:\Program Files (x86)\EWSoftware\Sandcastle Help File Builder\PresentationStyles\VS2013\Web\icons\Search.png -&gt; E:\Senparc项目\WeiXinMPSDK\src\Senparc.Weixin.MP.BuildOutPut\chm\Senparc.Weixin SDK Full\Help\Working\Output\Website\icons\Search.png
D:\Program Files (x86)\EWSoftware\Sandcastle Help File Builder\PresentationStyles\VS2013\Web\icons\TocClose.gif -&gt; E:\Senparc项目\WeiXinMPSDK\src\Senparc.Weixin.MP.BuildOutPut\chm\Senparc.Weixin SDK Full\Help\Working\Output\Website\icons\TocClose.gif
D:\Program Files (x86)\EWSoftware\Sandcastle Help File Builder\PresentationStyles\VS2013\Web\icons\TocCollapsed.gif -&gt; E:\Senparc项目\WeiXinMPSDK\src\Senparc.Weixin.MP.BuildOutPut\chm\Senparc.Weixin SDK Full\Help\Working\Output\Website\icons\TocCollapsed.gif
D:\Program Files (x86)\EWSoftware\Sandcastle Help File Builder\PresentationStyles\VS2013\Web\icons\TocExpanded.gif -&gt; E:\Senparc项目\WeiXinMPSDK\src\Senparc.Weixin.MP.BuildOutPut\chm\Senparc.Weixin SDK Full\Help\Working\Output\Website\icons\TocExpanded.gif
D:\Program Files (x86)\EWSoftware\Sandcastle Help File Builder\PresentationStyles\VS2013\Web\icons\TocOpen.gif -&gt; E:\Senparc项目\WeiXinMPSDK\src\Senparc.Weixin.MP.BuildOutPut\chm\Senparc.Weixin SDK Full\Help\Working\Output\Website\icons\TocOpen.gif
D:\Program Files (x86)\EWSoftware\Sandcastle Help File Builder\PresentationStyles\VS2013\Web\scripts\branding-Website.js -&gt; E:\Senparc项目\WeiXinMPSDK\src\Senparc.Weixin.MP.BuildOutPut\chm\Senparc.Weixin SDK Full\Help\Working\Output\Website\scripts\branding-Website.js
D:\Program Files (x86)\EWSoftware\Sandcastle Help File Builder\PresentationStyles\VS2013\Web\scripts\jquery-1.11.0.min.js -&gt; E:\Senparc项目\WeiXinMPSDK\src\Senparc.Weixin.MP.BuildOutPut\chm\Senparc.Weixin SDK Full\Help\Working\Output\Website\scripts\jquery-1.11.0.min.js
    Last step completed in 00:00:05.4405
</buildStep>
<buildStep step="GenerateHelpFormatTableOfContents">
Generating HTML Help 1 table of contents file...
    Last step completed in 00:00:00.0005
</buildStep>
<buildStep step="GenerateHelpFileIndex">
Generating HTML Help 1 index file...
    Last step completed in 00:00:00.0000
</buildStep>
<buildStep step="GenerateHelpProject">
Generating HTML Help 1 project file...
    Last step completed in 00:00:00.1565
</buildStep>
<buildStep step="CompilingHelpFile">
Compiling HTML Help 1 file...
[C:\Windows\Microsoft.NET\Framework64\v4.0.30319\MSBuild.exe - Build1xHelpFile.proj]
  Microsoft HTML Help Compiler 4.74.8702
  
  
  
  Compiling e:\Senparc项目\WeiXinMPSDK\src\Senparc.Weixin.MP.BuildOutPut\chm\Senparc.Weixin SDK Full\Help\Working\Output\HtmlHelp1\Senparc.Weixin-v14.3.6.chm
  
  
  
  
  
  Compile time: 1 minute, 20 seconds
  
  8,333	Topics
  
  100,173	Local links
  
  49,402	Internet links
  
  0	Graphics
  
  
  
  
  
  Created e:\Senparc项目\WeiXinMPSDK\src\Senparc.Weixin.MP.BuildOutPut\chm\Senparc.Weixin SDK Full\Help\Working\Output\HtmlHelp1\Senparc.Weixin-v14.3.6.chm, 8,473,122 bytes
  
  Compression decreased file by 79,911,057 bytes.
  
    Last step completed in 00:01:28.2207
</buildStep>
<buildStep step="GenerateHelpFormatTableOfContents">
Generating website table of contents file...
    Last step completed in 00:00:00.0020
</buildStep>
<buildStep step="GenerateFullTextIndex">
Generating full-text index for the website...

<plugIn name="Lightweight Website Style" behavior="After" priority="1000">
Adding lightweight search and TOC elements to each topic...
</plugIn>    Last step completed in 00:00:23.1482
</buildStep>
<buildStep step="CopyingWebsiteFiles">
Copying website files to output folder...

Copied 500 files
Copied 1000 files
Copied 1500 files
Copied 2000 files
Copied 2500 files
Copied 3000 files
Copied 3500 files
Copied 4000 files
Copied 4500 files
Copied 5000 files
Copied 5500 files
Copied 6000 files
Copied 6500 files
Copied 7000 files
Copied 7500 files
Copied 8000 files
Copied 8500 files
Copied 9000 files
Copied 9500 files
Copied 10000 files
Copied 10500 files
Copied 11000 files
Copied 11329 files for the website content
    Last step completed in 00:01:05.8762
</buildStep>
<buildStep step="CleanIntermediates">
Removing intermediate files...
    Last step completed in 00:01:05.6265
</buildStep>
<buildStep step="Completed">

Build completed successfully at 2016/8/14 13:58:12.  Total time: 00:07:36.6889

</buildStep>
</shfbBuild>
