[接口调用]
[2015/10/13 22:54:44]
    URL：https://api.weixin.qq.com/cgi-bin/token?grant_type=client_credential&appid=a&secret=b
    Result：
{"errcode":40001,"errmsg":"invalid credential, access_token is invalid or not latest hint: [3GKqTA0085vr23]"}

[接口调用]
[2015-12-22 11:02:02]
    URL：https://api.weixin.qq.com/cgi-bin/token?grant_type=client_credential&appid=wx669ef95216eef885&secret=c27e1cd2e6a5d697d767baaf5b91132f
    Result：
{"access_token":"Tt7E36XgDB37b-o_Gehi3-TSeAk5l3t1sBYFC1Fl43nbX98oHBTRFSsrgacxIU__LAlbe9JA-N0xbxBCHoOM7Hfr0icadtiMH-klFYGf6_kTLUjAEAOGP","expires_in":7200}

[接口调用]
[2015-12-22 11:51:06]
    URL：https://api.weixin.qq.com/cgi-bin/menu/create?access_token=Tt7E36XgDB37b-o_Gehi3-TSeAk5l3t1sBYFC1Fl43nbX98oHBTRFSsrgacxIU__LAlbe9JA-N0xbxBCHoOM7Hfr0icadtiMH-klFYGf6_kTLUjAEAOGP
    Result：
{"errcode":0,"errmsg":"ok"}

[接口调用]
[2015-12-22 11:54:39]
    URL：https://api.weixin.qq.com/cgi-bin/menu/create?access_token=Tt7E36XgDB37b-o_Gehi3-TSeAk5l3t1sBYFC1Fl43nbX98oHBTRFSsrgacxIU__LAlbe9JA-N0xbxBCHoOM7Hfr0icadtiMH-klFYGf6_kTLUjAEAOGP
    Result：
{"errcode":0,"errmsg":"ok"}

[接口调用]
[2015-12-22 13:45:55]
    URL：https://api.weixin.qq.com/cgi-bin/menu/addconditional?access_token=Tt7E36XgDB37b-o_Gehi3-TSeAk5l3t1sBYFC1Fl43nbX98oHBTRFSsrgacxIU__LAlbe9JA-N0xbxBCHoOM7Hfr0icadtiMH-klFYGf6_kTLUjAEAOGP
    Result：
{"errcode":42001,"errmsg":"access_token expired hint: [J7IhkA0155vr21]"}

[ErrorJsonResultException]
[2015-12-22 13:45:55]
    URL：
    errcode：access_token超时
    errmsg：access_token expired hint: [J7IhkA0155vr21]

[接口调用]
[2015-12-22 13:49:59]
    URL：https://api.weixin.qq.com/cgi-bin/token?grant_type=client_credential&appid=wx669ef95216eef885&secret=c27e1cd2e6a5d697d767baaf5b91132f
    Result：
{"access_token":"fyyQ-yvUd8-iKBcNKJovfKTjuA2S-KwP5GMvRod29lCRuWyGVI4Eku_erKR1e85Bw6oOB7NwSLJJNKo9OsZIgTFyBV__XWOYwCq2LCQ7W2YFPJhAGAAKE","expires_in":7200}

[接口调用]
[2015-12-22 13:51:04]
    URL：https://api.weixin.qq.com/cgi-bin/menu/addconditional?access_token=fyyQ-yvUd8-iKBcNKJovfKTjuA2S-KwP5GMvRod29lCRuWyGVI4Eku_erKR1e85Bw6oOB7NwSLJJNKo9OsZIgTFyBV__XWOYwCq2LCQ7W2YFPJhAGAAKE
    Result：
{"menuid":401654612}

[接口调用]
[2015-12-22 13:51:33]
    URL：https://api.weixin.qq.com/cgi-bin/menu/addconditional?access_token=fyyQ-yvUd8-iKBcNKJovfKTjuA2S-KwP5GMvRod29lCRuWyGVI4Eku_erKR1e85Bw6oOB7NwSLJJNKo9OsZIgTFyBV__XWOYwCq2LCQ7W2YFPJhAGAAKE
    Result：
{"menuid":401654615}

[接口调用]
[2015-12-22 13:55:37]
    URL：https://api.weixin.qq.com/cgi-bin/menu/addconditional?access_token=fyyQ-yvUd8-iKBcNKJovfKTjuA2S-KwP5GMvRod29lCRuWyGVI4Eku_erKR1e85Bw6oOB7NwSLJJNKo9OsZIgTFyBV__XWOYwCq2LCQ7W2YFPJhAGAAKE
    Result：
{"menuid":401654628}

[接口调用]
[2015-12-22 14:18:24]
    URL：https://api.weixin.qq.com/cgi-bin/menu/create?access_token=fyyQ-yvUd8-iKBcNKJovfKTjuA2S-KwP5GMvRod29lCRuWyGVI4Eku_erKR1e85Bw6oOB7NwSLJJNKo9OsZIgTFyBV__XWOYwCq2LCQ7W2YFPJhAGAAKE
    Result：
{"errcode":0,"errmsg":"ok"}

[接口调用]
[2015-12-22 14:18:54]
    URL：https://api.weixin.qq.com/cgi-bin/menu/create?access_token=fyyQ-yvUd8-iKBcNKJovfKTjuA2S-KwP5GMvRod29lCRuWyGVI4Eku_erKR1e85Bw6oOB7NwSLJJNKo9OsZIgTFyBV__XWOYwCq2LCQ7W2YFPJhAGAAKE
    Result：
{"errcode":0,"errmsg":"ok"}

[接口调用]
[2015-12-22 14:19:02]
    URL：https://api.weixin.qq.com/cgi-bin/menu/create?access_token=fyyQ-yvUd8-iKBcNKJovfKTjuA2S-KwP5GMvRod29lCRuWyGVI4Eku_erKR1e85Bw6oOB7NwSLJJNKo9OsZIgTFyBV__XWOYwCq2LCQ7W2YFPJhAGAAKE
    Result：
{"errcode":0,"errmsg":"ok"}

[接口调用]
[2015-12-22 14:20:27]
    URL：https://api.weixin.qq.com/cgi-bin/menu/addconditional?access_token=fyyQ-yvUd8-iKBcNKJovfKTjuA2S-KwP5GMvRod29lCRuWyGVI4Eku_erKR1e85Bw6oOB7NwSLJJNKo9OsZIgTFyBV__XWOYwCq2LCQ7W2YFPJhAGAAKE
    Result：
{"menuid":401654878}

[接口调用]
[2015-12-22 14:20:37]
    URL：https://api.weixin.qq.com/cgi-bin/menu/addconditional?access_token=fyyQ-yvUd8-iKBcNKJovfKTjuA2S-KwP5GMvRod29lCRuWyGVI4Eku_erKR1e85Bw6oOB7NwSLJJNKo9OsZIgTFyBV__XWOYwCq2LCQ7W2YFPJhAGAAKE
    Result：
{"menuid":401654883}

[接口调用]
[2015-12-22 15:02:51]
    URL：https://api.weixin.qq.com/cgi-bin/menu/addconditional?access_token=fyyQ-yvUd8-iKBcNKJovfKTjuA2S-KwP5GMvRod29lCRuWyGVI4Eku_erKR1e85Bw6oOB7NwSLJJNKo9OsZIgTFyBV__XWOYwCq2LCQ7W2YFPJhAGAAKE
    Result：
{"menuid":401655477}

[接口调用]
[2015-12-22 15:03:09]
    URL：https://api.weixin.qq.com/cgi-bin/menu/addconditional?access_token=fyyQ-yvUd8-iKBcNKJovfKTjuA2S-KwP5GMvRod29lCRuWyGVI4Eku_erKR1e85Bw6oOB7NwSLJJNKo9OsZIgTFyBV__XWOYwCq2LCQ7W2YFPJhAGAAKE
    Result：
{"menuid":401655498}

[接口调用]
[2016-02-20 0:00:11]
    URL：https://api.weixin.qq.com/cgi-bin/token?grant_type=client_credential&appid=微信AppId&secret=微信AppSecret
    Result：
{"errcode":40013,"errmsg":"invalid appid hint: [5dk2fa0532vr19]"}

[ErrorJsonResultException]
[2016-02-20 0:00:11]
    URL：https://api.weixin.qq.com/cgi-bin/token?grant_type=client_credential&appid=微信AppId&secret=微信AppSecret
    errcode：不合法的APPID
    errmsg：invalid appid hint: [5dk2fa0532vr19]

[接口调用]
[2016-02-20 22:36:54]
    URL：https://api.weixin.qq.com/cgi-bin/token?grant_type=client_credential&appid=微信AppId&secret=微信AppSecret
    Result：
{"errcode":40013,"errmsg":"invalid appid hint: [saRkWa0015vr20]"}

[ErrorJsonResultException]
[2016-02-20 22:36:54]
    URL：https://api.weixin.qq.com/cgi-bin/token?grant_type=client_credential&appid=微信AppId&secret=微信AppSecret
    errcode：不合法的APPID
    errmsg：invalid appid hint: [saRkWa0015vr20]

[接口调用]
[2/22/2016 18:24:31]
    URL：https://api.weixin.qq.com/cgi-bin/token?grant_type=client_credential&appid=微信AppId&secret=微信AppSecret
    Result：
{"errcode":40013,"errmsg":"invalid appid hint: [kM1z70671vr20]"}

[ErrorJsonResultException]
[2/22/2016 18:24:31]
    URL：https://api.weixin.qq.com/cgi-bin/token?grant_type=client_credential&appid=微信AppId&secret=微信AppSecret
    errcode：不合法的APPID
    errmsg：invalid appid hint: [kM1z70671vr20]

[接口调用]
[2/27/2016 16:24:22]
    URL：https://api.weixin.qq.com/cgi-bin/token?grant_type=client_credential&appid=微信AppId&secret=微信AppSecret
    Result：
{"errcode":40013,"errmsg":"invalid appid hint: [YG42Ta0461vr20]"}

[ErrorJsonResultException]
[2/27/2016 16:24:22]
    URL：https://api.weixin.qq.com/cgi-bin/token?grant_type=client_credential&appid=微信AppId&secret=微信AppSecret
    errcode：不合法的APPID
    errmsg：invalid appid hint: [YG42Ta0461vr20]

[接口调用]
[2/27/2016 21:10:51]
    URL：https://api.weixin.qq.com/cgi-bin/token?grant_type=client_credential&appid=微信AppId&secret=微信AppSecret
    Result：
{"errcode":40013,"errmsg":"invalid appid hint: [kCAnma0651vr20]"}

[ErrorJsonResultException]
[2/27/2016 21:10:51]
    URL：https://api.weixin.qq.com/cgi-bin/token?grant_type=client_credential&appid=微信AppId&secret=微信AppSecret
    errcode：不合法的APPID
    errmsg：invalid appid hint: [kCAnma0651vr20]

[接口调用]
[2016/07/26 09:00:55]
    URL：https://api.weixin.qq.com/cgi-bin/token?grant_type=client_credential&appid=%E5%BE%AE%E4%BF%A1AppId&secret=%E5%BE%AE%E4%BF%A1AppSecret
    Result：
{"errcode":40013,"errmsg":"invalid appid hint: [fkRwsA0851mgr4]"}

[ErrorJsonResultException]
[2016/07/26 09:00:55]
    URL：https://api.weixin.qq.com/cgi-bin/token?grant_type=client_credential&appid=%E5%BE%AE%E4%BF%A1AppId&secret=%E5%BE%AE%E4%BF%A1AppSecret
    errcode：不合法的APPID
    errmsg：invalid appid hint: [fkRwsA0851mgr4]

[接口调用]
[2016/07/26 09:02:17]
    URL：https://api.weixin.qq.com/cgi-bin/token?grant_type=client_credential&appid=%E5%BE%AE%E4%BF%A1AppId&secret=%E5%BE%AE%E4%BF%A1AppSecret
    Result：
{"errcode":40013,"errmsg":"invalid appid hint: [EqVKha0934ken1]"}

[ErrorJsonResultException]
[2016/07/26 09:02:17]
    URL：https://api.weixin.qq.com/cgi-bin/token?grant_type=client_credential&appid=%E5%BE%AE%E4%BF%A1AppId&secret=%E5%BE%AE%E4%BF%A1AppSecret
    errcode：不合法的APPID
    errmsg：invalid appid hint: [EqVKha0934ken1]
