
[[[系统日志]]]
[2018/2/8 13:33:28]
[线程：1]
    系统启动

[[[首页被访问]]]
[2018/2/8 13:33:28]
[线程：77]
    Url：http://localhost:65395/
IP：::1

[[[首页被访问]]]
[2018/2/8 13:36:37]
[线程：71]
    Url：http://localhost:65395/
IP：::1

[[[系统日志]]]
[2018/2/8 13:42:43]
[线程：65]
    系统启动

[[[系统日志]]]
[2018/2/8 14:29:32]
[线程：65]
    系统启动

[[[首页被访问]]]
[2018/2/8 14:29:32]
[线程：72]
    Url：http://localhost:65395/
IP：::1

[[[首页被访问]]]
[2018/2/8 14:49:10]
[线程：60]
    Url：http://localhost:65395/
IP：::1

[[[首页被访问]]]
[2018/2/8 14:52:41]
[线程：66]
    Url：http://localhost:65395/
IP：::1

[[[首页被访问]]]
[2018/2/8 14:56:00]
[线程：76]
    Url：http://localhost:65395/
IP：::1

[[[首页被访问]]]
[2018/2/8 14:56:44]
[线程：7]
    Url：http://localhost:65395/
IP：::1
