
[接口调用]
[2016/8/3 13:40:30]
    URL：https://api.weixin.qq.com/cgi-bin/token?grant_type=client_credential&appid=%E5%BE%AE%E4%BF%A1AppId&secret=%E5%BE%AE%E4%BF%A1AppSecret
    Result：
{"errcode":40013,"errmsg":"invalid appid hint: [v0L0MA0830ken1]"}

[ErrorJsonResultException]
[2016/8/3 13:40:30]
    URL：https://api.weixin.qq.com/cgi-bin/token?grant_type=client_credential&appid=%E5%BE%AE%E4%BF%A1AppId&secret=%E5%BE%AE%E4%BF%A1AppSecret
    errcode：不合法的APPID
    errmsg：invalid appid hint: [v0L0MA0830ken1]

[接口调用]
[2016/8/3 13:40:35]
    URL：https://api.weixin.qq.com/cgi-bin/token?grant_type=client_credential&appid=%E5%BE%AE%E4%BF%A1AppId&secret=%E5%BE%AE%E4%BF%A1AppSecret
    Result：
{"errcode":40013,"errmsg":"invalid appid hint: [A774jA0835e277]"}

[ErrorJsonResultException]
[2016/8/3 13:40:35]
    URL：https://api.weixin.qq.com/cgi-bin/token?grant_type=client_credential&appid=%E5%BE%AE%E4%BF%A1AppId&secret=%E5%BE%AE%E4%BF%A1AppSecret
    errcode：不合法的APPID
    errmsg：invalid appid hint: [A774jA0835e277]

[接口调用]
[2016/8/3 13:40:36]
    URL：https://api.weixin.qq.com/cgi-bin/token?grant_type=client_credential&appid=%E5%BE%AE%E4%BF%A1AppId&secret=%E5%BE%AE%E4%BF%A1AppSecret
    Result：
{"errcode":40013,"errmsg":"invalid appid hint: [83scJA0836mgr4]"}

[ErrorJsonResultException]
[2016/8/3 13:40:36]
    URL：https://api.weixin.qq.com/cgi-bin/token?grant_type=client_credential&appid=%E5%BE%AE%E4%BF%A1AppId&secret=%E5%BE%AE%E4%BF%A1AppSecret
    errcode：不合法的APPID
    errmsg：invalid appid hint: [83scJA0836mgr4]

[接口调用]
[2016/8/3 13:40:36]
    URL：https://api.weixin.qq.com/cgi-bin/token?grant_type=client_credential&appid=%E5%BE%AE%E4%BF%A1AppId&secret=%E5%BE%AE%E4%BF%A1AppSecret
    Result：
{"errcode":40013,"errmsg":"invalid appid hint: [C05ICA0836ken1]"}

[ErrorJsonResultException]
[2016/8/3 13:40:36]
    URL：https://api.weixin.qq.com/cgi-bin/token?grant_type=client_credential&appid=%E5%BE%AE%E4%BF%A1AppId&secret=%E5%BE%AE%E4%BF%A1AppSecret
    errcode：不合法的APPID
    errmsg：invalid appid hint: [C05ICA0836ken1]

[接口调用]
[2016/8/3 13:40:37]
    URL：https://api.weixin.qq.com/cgi-bin/token?grant_type=client_credential&appid=%E5%BE%AE%E4%BF%A1AppId&secret=%E5%BE%AE%E4%BF%A1AppSecret
    Result：
{"errcode":40013,"errmsg":"invalid appid hint: [w30837ken1]"}

[ErrorJsonResultException]
[2016/8/3 13:40:37]
    URL：https://api.weixin.qq.com/cgi-bin/token?grant_type=client_credential&appid=%E5%BE%AE%E4%BF%A1AppId&secret=%E5%BE%AE%E4%BF%A1AppSecret
    errcode：不合法的APPID
    errmsg：invalid appid hint: [w30837ken1]

[接口调用]
[2016/8/8 9:32:29]
    URL：https://api.weixin.qq.com/cgi-bin/token?grant_type=client_credential&appid=wx669ef95216eef885&secret=C27e1cd2e6a5d697d767baaf5b91132f
    Result：
{"errcode":40125,"errmsg":"invalid appsecret, view more at http:\/\/t.cn\/RAEkdVq hint: [io0Uja0949szc8]"}

[ErrorJsonResultException]
[2016/8/8 9:32:29]
    URL：https://api.weixin.qq.com/cgi-bin/token?grant_type=client_credential&appid=wx669ef95216eef885&secret=C27e1cd2e6a5d697d767baaf5b91132f
    errcode：40125
    errmsg：invalid appsecret, view more at http://t.cn/RAEkdVq hint: [io0Uja0949szc8]

[接口调用]
[2016/8/8 9:33:15]
    URL：https://api.weixin.qq.com/cgi-bin/token?grant_type=client_credential&appid=wx669ef95216eef885&secret=C27e1cd2e6a5d697d767baaf5b91132f
    Result：
{"errcode":40125,"errmsg":"invalid appsecret, view more at http:\/\/t.cn\/RAEkdVq hint: [S9wzpa0995sz46]"}

[ErrorJsonResultException]
[2016/8/8 9:33:15]
    URL：https://api.weixin.qq.com/cgi-bin/token?grant_type=client_credential&appid=wx669ef95216eef885&secret=C27e1cd2e6a5d697d767baaf5b91132f
    errcode：40125
    errmsg：invalid appsecret, view more at http://t.cn/RAEkdVq hint: [S9wzpa0995sz46]

[接口调用]
[2016/8/8 9:49:43]
    URL：https://api.weixin.qq.com/cgi-bin/token?grant_type=client_credential&appid=wx669ef95216eef885&secret=C27e1cd2e6a5d697d767baaf5b91132f
    Result：
{"errcode":40125,"errmsg":"invalid appsecret, view more at http:\/\/t.cn\/RAEkdVq hint: [AQRLVa0983szc8]"}

[ErrorJsonResultException]
[2016/8/8 9:49:43]
    URL：https://api.weixin.qq.com/cgi-bin/token?grant_type=client_credential&appid=wx669ef95216eef885&secret=C27e1cd2e6a5d697d767baaf5b91132f
    errcode：40125
    errmsg：invalid appsecret, view more at http://t.cn/RAEkdVq hint: [AQRLVa0983szc8]

[接口调用]
[2016/8/8 9:50:48]
    URL：https://api.weixin.qq.com/cgi-bin/token?grant_type=client_credential&appid=wx669ef95216eef885&secret=C27e1cd2e6a5d697d767baaf5b91132f
    Result：
{"errcode":40125,"errmsg":"invalid appsecret, view more at http:\/\/t.cn\/RAEkdVq hint: [O_KnVa0048sz46]"}

[ErrorJsonResultException]
[2016/8/8 9:50:48]
    URL：https://api.weixin.qq.com/cgi-bin/token?grant_type=client_credential&appid=wx669ef95216eef885&secret=C27e1cd2e6a5d697d767baaf5b91132f
    errcode：40125
    errmsg：invalid appsecret, view more at http://t.cn/RAEkdVq hint: [O_KnVa0048sz46]

[接口调用]
[2016/8/8 14:03:37]
    URL：https://api.weixin.qq.com/cgi-bin/token?grant_type=client_credential&appid=wx669ef95216eef885&secret=C27e1cd2e6a5d697d767baaf5b91132f
    Result：
{"errcode":40125,"errmsg":"invalid appsecret, view more at http:\/\/t.cn\/RAEkdVq hint: [TZvynA0217szc7]"}

[ErrorJsonResultException]
[2016/8/8 14:03:37]
    URL：https://api.weixin.qq.com/cgi-bin/token?grant_type=client_credential&appid=wx669ef95216eef885&secret=C27e1cd2e6a5d697d767baaf5b91132f
    errcode：40125
    errmsg：invalid appsecret, view more at http://t.cn/RAEkdVq hint: [TZvynA0217szc7]

[接口调用]
[2016/8/8 14:07:11]
    URL：https://api.weixin.qq.com/cgi-bin/token?grant_type=client_credential&appid=wx669ef95216eef885&secret=c27e1cd2e6a5d697d767baaf5b91132f
    Result：
{"access_token":"iHr62UYC4xE6qIFK3NUce8cenyMNXrOqvnsx92mLuMbjUu_YgJ0EPB_UX3B49zcpjx4VDsN5g63y7yNToYFDCMSLbO-aLkKsrtQ6BmSqA9-QoEUWg-rBDjzgEG6N9nBHEMVlCIARZI","expires_in":7200}

[接口调用]
[2016/8/8 14:07:35]
    URL：https://api.weixin.qq.com/cgi-bin/token?grant_type=client_credential&appid=wx669ef95216eef885&secret=c27e1cd2e6a5d697d767baaf5b91132f
    Result：
{"access_token":"ONh9vFZ8kIRvtiAMhJfulKrumE2qlcPQGioA44NuagFMkDWWD3fCaHqe2PjyXY8CE1SIhbsingalBZ7VTvbpNLk0WJwYerKTim7CtLusvIL7gsALIhFEI9X5OgCUXRCuKWSjCCAQCY","expires_in":7200}

[接口调用]
[2016/8/13 21:19:11]
    URL：https://api.weixin.qq.com/cgi-bin/token?grant_type=client_credential&appid=%E5%BE%AE%E4%BF%A1AppId&secret=%E5%BE%AE%E4%BF%A1AppSecret
    Result：
{"errcode":40013,"errmsg":"invalid appid hint: [grItEA0351e277]"}

[ErrorJsonResultException]
[2016/8/13 21:19:11]
    URL：https://api.weixin.qq.com/cgi-bin/token?grant_type=client_credential&appid=%E5%BE%AE%E4%BF%A1AppId&secret=%E5%BE%AE%E4%BF%A1AppSecret
    errcode：不合法的APPID
    errmsg：invalid appid hint: [grItEA0351e277]

[接口调用]
[2016/8/13 21:19:15]
    URL：https://api.weixin.qq.com/cgi-bin/token?grant_type=client_credential&appid=%E5%BE%AE%E4%BF%A1AppId&secret=%E5%BE%AE%E4%BF%A1AppSecret
    Result：
{"errcode":40013,"errmsg":"invalid appid hint: [JRgx40355mgr4]"}

[ErrorJsonResultException]
[2016/8/13 21:19:15]
    URL：https://api.weixin.qq.com/cgi-bin/token?grant_type=client_credential&appid=%E5%BE%AE%E4%BF%A1AppId&secret=%E5%BE%AE%E4%BF%A1AppSecret
    errcode：不合法的APPID
    errmsg：invalid appid hint: [JRgx40355mgr4]

[接口调用]
[2016/8/14 13:11:49]
    URL：https://api.weixin.qq.com/cgi-bin/token?grant_type=client_credential&appid=%E5%BE%AE%E4%BF%A1AppId&secret=%E5%BE%AE%E4%BF%A1AppSecret
    Result：
{"errcode":40013,"errmsg":"invalid appid hint: [JMR2ua0508e277]"}

[ErrorJsonResultException]
[2016/8/14 13:11:49]
    URL：https://api.weixin.qq.com/cgi-bin/token?grant_type=client_credential&appid=%E5%BE%AE%E4%BF%A1AppId&secret=%E5%BE%AE%E4%BF%A1AppSecret
    errcode：不合法的APPID
    errmsg：invalid appid hint: [JMR2ua0508e277]

[接口调用]
[2016/8/15 9:15:04]
    URL：https://api.weixin.qq.com/cgi-bin/token?grant_type=client_credential&appid=%E5%BE%AE%E4%BF%A1AppId&secret=%E5%BE%AE%E4%BF%A1AppSecret
    Result：
{"errcode":40013,"errmsg":"invalid appid hint: [neoP7a0704re59]"}

[ErrorJsonResultException]
[2016/8/15 9:15:04]
    URL：https://api.weixin.qq.com/cgi-bin/token?grant_type=client_credential&appid=%E5%BE%AE%E4%BF%A1AppId&secret=%E5%BE%AE%E4%BF%A1AppSecret
    errcode：不合法的APPID
    errmsg：invalid appid hint: [neoP7a0704re59]

[接口调用]
[2016/8/25 15:01:09]
    URL：https://api.weixin.qq.com/cgi-bin/token?grant_type=client_credential&appid=%E5%BE%AE%E4%BF%A1AppId&secret=%E5%BE%AE%E4%BF%A1AppSecret
    Result：
{"errcode":40013,"errmsg":"invalid appid hint: [he39Pa0469e277]"}

[ErrorJsonResultException]
[2016/8/25 15:01:09]
    URL：https://api.weixin.qq.com/cgi-bin/token?grant_type=client_credential&appid=%E5%BE%AE%E4%BF%A1AppId&secret=%E5%BE%AE%E4%BF%A1AppSecret
    errcode：不合法的APPID
    errmsg：invalid appid hint: [he39Pa0469e277]
